[ 2017-04-29T15:01:14+08:00 ] 127.0.0.1 /Wechat/index.php?signature=84716a2e5c90e547537f494f4b6a30a35e16c716&echostr=9051886510339799931&timestamp=1493449331&nonce=1460799646
INFO: [ app_init ] --START--
INFO: Run Behavior\BuildLiteBehavior [ RunTime:0.000000s ]
INFO: [ app_init ] --END-- [ RunTime:0.004000s ]
INFO: [ app_begin ] --START--
INFO: Run Behavior\ReadHtmlCacheBehavior [ RunTime:0.001000s ]
INFO: [ app_begin ] --END-- [ RunTime:0.001000s ]

[ 2017-04-29T15:01:17+08:00 ] 127.0.0.1 /Wechat/index.php?signature=d6f39831b786c07d5a0b1043c38a16784f00dc19&echostr=1757635666250808055&timestamp=1493449334&nonce=956780949
INFO: [ app_init ] --START--
INFO: Run Behavior\BuildLiteBehavior [ RunTime:0.000000s ]
INFO: [ app_init ] --END-- [ RunTime:0.000000s ]
INFO: [ app_begin ] --START--
INFO: Run Behavior\ReadHtmlCacheBehavior [ RunTime:0.001000s ]
INFO: [ app_begin ] --END-- [ RunTime:0.001000s ]

[ 2017-04-29T15:02:44+08:00 ] 127.0.0.1 /Wechat/index.php?signature=1bb44bff3eef2ab9358d3f1ecdf98db154097435&echostr=7967422119590460125&timestamp=1493449421&nonce=764695975
INFO: [ app_init ] --START--
INFO: Run Behavior\BuildLiteBehavior [ RunTime:0.000000s ]
INFO: [ app_init ] --END-- [ RunTime:0.001000s ]
INFO: [ app_begin ] --START--
INFO: Run Behavior\ReadHtmlCacheBehavior [ RunTime:0.002000s ]
INFO: [ app_begin ] --END-- [ RunTime:0.002000s ]

[ 2017-04-29T15:03:28+08:00 ] 127.0.0.1 /Wechat/
INFO: [ app_init ] --START--
INFO: Run Behavior\BuildLiteBehavior [ RunTime:0.000000s ]
INFO: [ app_init ] --END-- [ RunTime:0.001000s ]
INFO: [ app_begin ] --START--
INFO: Run Behavior\ReadHtmlCacheBehavior [ RunTime:0.001000s ]
INFO: [ app_begin ] --END-- [ RunTime:0.001000s ]
NOTIC: [8] Undefined index: echostr D:\phpStudy\WWW\Wechat\Wechat\Home\Controller\IndexController.class.php 第 47 行.
NOTIC: [8] Undefined index: signature D:\phpStudy\WWW\Wechat\Wechat\Home\Controller\IndexController.class.php 第 62 行.
NOTIC: [8] Undefined index: timestamp D:\phpStudy\WWW\Wechat\Wechat\Home\Controller\IndexController.class.php 第 63 行.
NOTIC: [8] Undefined index: nonce D:\phpStudy\WWW\Wechat\Wechat\Home\Controller\IndexController.class.php 第 64 行.
NOTIC: [8] Undefined index: echostr D:\phpStudy\WWW\Wechat\Wechat\Home\Controller\IndexController.class.php 第 17 行.
NOTIC: [8] Undefined index: signature D:\phpStudy\WWW\Wechat\Wechat\Home\Controller\IndexController.class.php 第 18 行.
NOTIC: [8] Undefined index: timestamp D:\phpStudy\WWW\Wechat\Wechat\Home\Controller\IndexController.class.php 第 19 行.
NOTIC: [8] Undefined index: nonce D:\phpStudy\WWW\Wechat\Wechat\Home\Controller\IndexController.class.php 第 20 行.
NOTIC: [8] Undefined index: HTTP_RAW_POST_DATA D:\phpStudy\WWW\Wechat\Wechat\Home\Controller\IndexController.class.php 第 193 行.

[ 2017-04-29T15:03:48+08:00 ] 127.0.0.1 /Wechat/index.php?signature=24ad254401d6cf19051d8103a40dbcc9744e8e06&timestamp=1493449485&nonce=1264193178&openid=oV-bKv_NfGTi1DOToBMP_Notc2Tw
INFO: [ app_init ] --START--
INFO: Run Behavior\BuildLiteBehavior [ RunTime:0.000000s ]
INFO: [ app_init ] --END-- [ RunTime:0.001000s ]
INFO: [ app_begin ] --START--
INFO: Run Behavior\ReadHtmlCacheBehavior [ RunTime:0.001000s ]
INFO: [ app_begin ] --END-- [ RunTime:0.002000s ]
NOTIC: [2] session_start(): Cannot send session cookie - headers already sent D:\phpStudy\WWW\Wechat\ThinkPHP\Common\functions.php 第 1263 行.
NOTIC: [2] session_start(): Cannot send session cache limiter - headers already sent D:\phpStudy\WWW\Wechat\ThinkPHP\Common\functions.php 第 1263 行.
NOTIC: [8] Undefined index: echostr D:\phpStudy\WWW\Wechat\Wechat\Home\Controller\IndexController.class.php 第 47 行.

[ 2017-04-29T15:05:18+08:00 ] 127.0.0.1 /Wechat/
INFO: [ app_init ] --START--
INFO: Run Behavior\BuildLiteBehavior [ RunTime:0.000000s ]
INFO: [ app_init ] --END-- [ RunTime:0.001000s ]
INFO: [ app_begin ] --START--
INFO: Run Behavior\ReadHtmlCacheBehavior [ RunTime:0.000000s ]
INFO: [ app_begin ] --END-- [ RunTime:0.001000s ]
NOTIC: [8] Undefined index: echostr D:\phpStudy\WWW\Wechat\Wechat\Home\Controller\IndexController.class.php 第 47 行.
NOTIC: [8] Undefined index: signature D:\phpStudy\WWW\Wechat\Wechat\Home\Controller\IndexController.class.php 第 62 行.
NOTIC: [8] Undefined index: timestamp D:\phpStudy\WWW\Wechat\Wechat\Home\Controller\IndexController.class.php 第 63 行.
NOTIC: [8] Undefined index: nonce D:\phpStudy\WWW\Wechat\Wechat\Home\Controller\IndexController.class.php 第 64 行.
NOTIC: [8] Undefined index: echostr D:\phpStudy\WWW\Wechat\Wechat\Home\Controller\IndexController.class.php 第 17 行.
NOTIC: [8] Undefined index: signature D:\phpStudy\WWW\Wechat\Wechat\Home\Controller\IndexController.class.php 第 18 行.
NOTIC: [8] Undefined index: timestamp D:\phpStudy\WWW\Wechat\Wechat\Home\Controller\IndexController.class.php 第 19 行.
NOTIC: [8] Undefined index: nonce D:\phpStudy\WWW\Wechat\Wechat\Home\Controller\IndexController.class.php 第 20 行.
NOTIC: [8] Undefined index: HTTP_RAW_POST_DATA D:\phpStudy\WWW\Wechat\Wechat\Home\Controller\IndexController.class.php 第 193 行.

[ 2017-04-29T15:05:34+08:00 ] 127.0.0.1 /Wechat/index.php?signature=4f7876b12102515bf7a99ec8c443bc8501d026d2&timestamp=1493449592&nonce=1352625196&openid=oV-bKv_NfGTi1DOToBMP_Notc2Tw
INFO: [ app_init ] --START--
INFO: Run Behavior\BuildLiteBehavior [ RunTime:0.000000s ]
INFO: [ app_init ] --END-- [ RunTime:0.001000s ]
INFO: [ app_begin ] --START--
INFO: Run Behavior\ReadHtmlCacheBehavior [ RunTime:0.001000s ]
INFO: [ app_begin ] --END-- [ RunTime:0.002000s ]
NOTIC: [2] session_start(): Cannot send session cookie - headers already sent D:\phpStudy\WWW\Wechat\ThinkPHP\Common\functions.php 第 1263 行.
NOTIC: [2] session_start(): Cannot send session cache limiter - headers already sent D:\phpStudy\WWW\Wechat\ThinkPHP\Common\functions.php 第 1263 行.
NOTIC: [8] Undefined index: echostr D:\phpStudy\WWW\Wechat\Wechat\Home\Controller\IndexController.class.php 第 47 行.

[ 2017-04-29T15:07:27+08:00 ] 127.0.0.1 /Wechat/index.php?signature=23242deb562b176fd7f956bc72b86027d1723563&timestamp=1493449705&nonce=1643095705&openid=oV-bKv_NfGTi1DOToBMP_Notc2Tw
INFO: [ app_init ] --START--
INFO: Run Behavior\BuildLiteBehavior [ RunTime:0.000000s ]
INFO: [ app_init ] --END-- [ RunTime:0.001000s ]
INFO: [ app_begin ] --START--
INFO: Run Behavior\ReadHtmlCacheBehavior [ RunTime:0.001000s ]
INFO: [ app_begin ] --END-- [ RunTime:0.001000s ]
NOTIC: [2] session_start(): Cannot send session cookie - headers already sent D:\phpStudy\WWW\Wechat\ThinkPHP\Common\functions.php 第 1263 行.
NOTIC: [2] session_start(): Cannot send session cache limiter - headers already sent D:\phpStudy\WWW\Wechat\ThinkPHP\Common\functions.php 第 1263 行.
NOTIC: [8] Undefined index: echostr D:\phpStudy\WWW\Wechat\Wechat\Home\Controller\IndexController.class.php 第 47 行.

[ 2017-04-29T15:08:01+08:00 ] 127.0.0.1 /Wechat/
INFO: [ app_init ] --START--
INFO: Run Behavior\BuildLiteBehavior [ RunTime:0.000000s ]
INFO: [ app_init ] --END-- [ RunTime:0.001000s ]
INFO: [ app_begin ] --START--
INFO: Run Behavior\ReadHtmlCacheBehavior [ RunTime:0.001000s ]
INFO: [ app_begin ] --END-- [ RunTime:0.001000s ]
NOTIC: [8] Undefined index: echostr D:\phpStudy\WWW\Wechat\Wechat\Home\Controller\IndexController.class.php 第 47 行.
NOTIC: [8] Undefined index: signature D:\phpStudy\WWW\Wechat\Wechat\Home\Controller\IndexController.class.php 第 62 行.
NOTIC: [8] Undefined index: timestamp D:\phpStudy\WWW\Wechat\Wechat\Home\Controller\IndexController.class.php 第 63 行.
NOTIC: [8] Undefined index: nonce D:\phpStudy\WWW\Wechat\Wechat\Home\Controller\IndexController.class.php 第 64 行.
NOTIC: [8] Undefined index: echostr D:\phpStudy\WWW\Wechat\Wechat\Home\Controller\IndexController.class.php 第 17 行.
NOTIC: [8] Undefined index: signature D:\phpStudy\WWW\Wechat\Wechat\Home\Controller\IndexController.class.php 第 18 行.
NOTIC: [8] Undefined index: timestamp D:\phpStudy\WWW\Wechat\Wechat\Home\Controller\IndexController.class.php 第 19 行.
NOTIC: [8] Undefined index: nonce D:\phpStudy\WWW\Wechat\Wechat\Home\Controller\IndexController.class.php 第 20 行.
NOTIC: [8] Undefined index: HTTP_RAW_POST_DATA D:\phpStudy\WWW\Wechat\Wechat\Home\Controller\IndexController.class.php 第 193 行.

[ 2017-04-29T15:08:49+08:00 ] ::1 /Wechat/
INFO: [ app_init ] --START--
INFO: Run Behavior\BuildLiteBehavior [ RunTime:0.000000s ]
INFO: [ app_init ] --END-- [ RunTime:0.000000s ]
INFO: [ app_begin ] --START--
INFO: Run Behavior\ReadHtmlCacheBehavior [ RunTime:0.000000s ]
INFO: [ app_begin ] --END-- [ RunTime:0.000000s ]
NOTIC: [8] Undefined index: echostr D:\phpStudy\WWW\Wechat\Wechat\Home\Controller\IndexController.class.php 第 47 行.
NOTIC: [8] Undefined index: signature D:\phpStudy\WWW\Wechat\Wechat\Home\Controller\IndexController.class.php 第 62 行.
NOTIC: [8] Undefined index: timestamp D:\phpStudy\WWW\Wechat\Wechat\Home\Controller\IndexController.class.php 第 63 行.
NOTIC: [8] Undefined index: nonce D:\phpStudy\WWW\Wechat\Wechat\Home\Controller\IndexController.class.php 第 64 行.
NOTIC: [8] Undefined index: echostr D:\phpStudy\WWW\Wechat\Wechat\Home\Controller\IndexController.class.php 第 17 行.
NOTIC: [8] Undefined index: signature D:\phpStudy\WWW\Wechat\Wechat\Home\Controller\IndexController.class.php 第 18 行.
NOTIC: [8] Undefined index: timestamp D:\phpStudy\WWW\Wechat\Wechat\Home\Controller\IndexController.class.php 第 19 行.
NOTIC: [8] Undefined index: nonce D:\phpStudy\WWW\Wechat\Wechat\Home\Controller\IndexController.class.php 第 20 行.
NOTIC: [8] Undefined index: HTTP_RAW_POST_DATA D:\phpStudy\WWW\Wechat\Wechat\Home\Controller\IndexController.class.php 第 193 行.

[ 2017-04-29T15:09:26+08:00 ] ::1 /Wechat/
INFO: [ app_init ] --START--
INFO: Run Behavior\BuildLiteBehavior [ RunTime:0.000000s ]
INFO: [ app_init ] --END-- [ RunTime:0.001000s ]
INFO: [ app_begin ] --START--
INFO: Run Behavior\ReadHtmlCacheBehavior [ RunTime:0.001000s ]
INFO: [ app_begin ] --END-- [ RunTime:0.001000s ]
INFO: [ app_end ] --START--
INFO: Run Behavior\ShowPageTraceBehavior [ RunTime:0.005000s ]
INFO: [ app_end ] --END-- [ RunTime:0.005000s ]

[ 2017-04-29T15:09:58+08:00 ] 127.0.0.1 /Wechat/index.php?signature=80c6de8661bfd158045a09defc1834b57b43e2f9&timestamp=1493449855&nonce=394058621&openid=oV-bKv_NfGTi1DOToBMP_Notc2Tw
INFO: [ app_init ] --START--
INFO: Run Behavior\BuildLiteBehavior [ RunTime:0.000000s ]
INFO: [ app_init ] --END-- [ RunTime:0.000000s ]
INFO: [ app_begin ] --START--
INFO: Run Behavior\ReadHtmlCacheBehavior [ RunTime:0.000000s ]
INFO: [ app_begin ] --END-- [ RunTime:0.000000s ]
NOTIC: [2] session_start(): Cannot send session cookie - headers already sent D:\phpStudy\WWW\Wechat\ThinkPHP\Common\functions.php 第 1263 行.
NOTIC: [2] session_start(): Cannot send session cache limiter - headers already sent D:\phpStudy\WWW\Wechat\ThinkPHP\Common\functions.php 第 1263 行.
INFO: [ app_end ] --START--
INFO: Run Behavior\ShowPageTraceBehavior [ RunTime:0.001000s ]
INFO: [ app_end ] --END-- [ RunTime:0.001000s ]

[ 2017-04-29T15:10:16+08:00 ] 127.0.0.1 /Wechat/index.php?signature=803c39216282a940ed62f1700549861af001c8c2&timestamp=1493449873&nonce=1544584151&openid=oV-bKv_NfGTi1DOToBMP_Notc2Tw
INFO: [ app_init ] --START--
INFO: Run Behavior\BuildLiteBehavior [ RunTime:0.001000s ]
INFO: [ app_init ] --END-- [ RunTime:0.001000s ]
INFO: [ app_begin ] --START--
INFO: Run Behavior\ReadHtmlCacheBehavior [ RunTime:0.000000s ]
INFO: [ app_begin ] --END-- [ RunTime:0.000000s ]
NOTIC: [2] session_start(): Cannot send session cookie - headers already sent D:\phpStudy\WWW\Wechat\ThinkPHP\Common\functions.php 第 1263 行.
NOTIC: [2] session_start(): Cannot send session cache limiter - headers already sent D:\phpStudy\WWW\Wechat\ThinkPHP\Common\functions.php 第 1263 行.
INFO: [ app_end ] --START--
INFO: Run Behavior\ShowPageTraceBehavior [ RunTime:0.001000s ]
INFO: [ app_end ] --END-- [ RunTime:0.001000s ]

[ 2017-04-29T15:10:21+08:00 ] 127.0.0.1 /Wechat/index.php?signature=794b8b8af398299fea1ab1411d0fcfd97901a9a1&timestamp=1493449877&nonce=517187919&openid=oV-bKv_NfGTi1DOToBMP_Notc2Tw
INFO: [ app_init ] --START--
INFO: Run Behavior\BuildLiteBehavior [ RunTime:0.000000s ]
INFO: [ app_init ] --END-- [ RunTime:0.000000s ]
INFO: [ app_begin ] --START--
INFO: Run Behavior\ReadHtmlCacheBehavior [ RunTime:0.001000s ]
INFO: [ app_begin ] --END-- [ RunTime:0.001000s ]
NOTIC: [2] session_start(): Cannot send session cookie - headers already sent D:\phpStudy\WWW\Wechat\ThinkPHP\Common\functions.php 第 1263 行.
NOTIC: [2] session_start(): Cannot send session cache limiter - headers already sent D:\phpStudy\WWW\Wechat\ThinkPHP\Common\functions.php 第 1263 行.
INFO: [ app_end ] --START--
INFO: Run Behavior\ShowPageTraceBehavior [ RunTime:0.001000s ]
INFO: [ app_end ] --END-- [ RunTime:0.001000s ]

[ 2017-04-29T15:10:46+08:00 ] ::1 /Wechat/
INFO: [ app_init ] --START--
INFO: Run Behavior\BuildLiteBehavior [ RunTime:0.000000s ]
INFO: [ app_init ] --END-- [ RunTime:0.001000s ]
INFO: [ app_begin ] --START--
INFO: Run Behavior\ReadHtmlCacheBehavior [ RunTime:0.001000s ]
INFO: [ app_begin ] --END-- [ RunTime:0.001000s ]
INFO: [ app_end ] --START--
INFO: Run Behavior\ShowPageTraceBehavior [ RunTime:0.002000s ]
INFO: [ app_end ] --END-- [ RunTime:0.002000s ]

[ 2017-04-29T15:10:58+08:00 ] 127.0.0.1 /Wechat/
INFO: [ app_init ] --START--
INFO: Run Behavior\BuildLiteBehavior [ RunTime:0.000000s ]
INFO: [ app_init ] --END-- [ RunTime:0.000000s ]
INFO: [ app_begin ] --START--
INFO: Run Behavior\ReadHtmlCacheBehavior [ RunTime:0.001000s ]
INFO: [ app_begin ] --END-- [ RunTime:0.001000s ]
INFO: [ app_end ] --START--
INFO: Run Behavior\ShowPageTraceBehavior [ RunTime:0.002000s ]
INFO: [ app_end ] --END-- [ RunTime:0.002000s ]

[ 2017-04-29T15:11:30+08:00 ] 127.0.0.1 /Wechat/index.php?signature=58816a13ea350167306297554c411934eeaca72b&timestamp=1493449947&nonce=825035667&openid=oV-bKv_NfGTi1DOToBMP_Notc2Tw
INFO: [ app_init ] --START--
INFO: Run Behavior\BuildLiteBehavior [ RunTime:0.000000s ]
INFO: [ app_init ] --END-- [ RunTime:0.001000s ]
INFO: [ app_begin ] --START--
INFO: Run Behavior\ReadHtmlCacheBehavior [ RunTime:0.002000s ]
INFO: [ app_begin ] --END-- [ RunTime:0.002000s ]
NOTIC: [2] session_start(): Cannot send session cookie - headers already sent D:\phpStudy\WWW\Wechat\ThinkPHP\Common\functions.php 第 1263 行.
NOTIC: [2] session_start(): Cannot send session cache limiter - headers already sent D:\phpStudy\WWW\Wechat\ThinkPHP\Common\functions.php 第 1263 行.
INFO: [ app_end ] --START--
INFO: Run Behavior\ShowPageTraceBehavior [ RunTime:0.002000s ]
INFO: [ app_end ] --END-- [ RunTime:0.002000s ]

[ 2017-04-29T15:11:58+08:00 ] 127.0.0.1 /Wechat/index.php?signature=4b7a7e2f0d37b39d1a88c510c84d25d7cf80dd8c&timestamp=1493449975&nonce=1566163130&openid=oV-bKv_NfGTi1DOToBMP_Notc2Tw
INFO: [ app_init ] --START--
INFO: Run Behavior\BuildLiteBehavior [ RunTime:0.000000s ]
INFO: [ app_init ] --END-- [ RunTime:0.001000s ]
INFO: [ app_begin ] --START--
INFO: Run Behavior\ReadHtmlCacheBehavior [ RunTime:0.001000s ]
INFO: [ app_begin ] --END-- [ RunTime:0.001000s ]
NOTIC: [2] session_start(): Cannot send session cookie - headers already sent D:\phpStudy\WWW\Wechat\ThinkPHP\Common\functions.php 第 1263 行.
NOTIC: [2] session_start(): Cannot send session cache limiter - headers already sent D:\phpStudy\WWW\Wechat\ThinkPHP\Common\functions.php 第 1263 行.
INFO: [ app_end ] --START--
INFO: Run Behavior\ShowPageTraceBehavior [ RunTime:0.002000s ]
INFO: [ app_end ] --END-- [ RunTime:0.002000s ]

[ 2017-04-29T15:11:59+08:00 ] 127.0.0.1 /Wechat/index.php?signature=1d2ed0ceae574a1b7f28fc046a3b6606834d7d70&timestamp=1493449976&nonce=2068610216&openid=oV-bKv_NfGTi1DOToBMP_Notc2Tw
INFO: [ app_init ] --START--
INFO: Run Behavior\BuildLiteBehavior [ RunTime:0.000000s ]
INFO: [ app_init ] --END-- [ RunTime:0.001000s ]
INFO: [ app_begin ] --START--
INFO: Run Behavior\ReadHtmlCacheBehavior [ RunTime:0.001000s ]
INFO: [ app_begin ] --END-- [ RunTime:0.001000s ]
NOTIC: [2] session_start(): Cannot send session cookie - headers already sent D:\phpStudy\WWW\Wechat\ThinkPHP\Common\functions.php 第 1263 行.
NOTIC: [2] session_start(): Cannot send session cache limiter - headers already sent D:\phpStudy\WWW\Wechat\ThinkPHP\Common\functions.php 第 1263 行.
INFO: [ app_end ] --START--
INFO: Run Behavior\ShowPageTraceBehavior [ RunTime:0.002000s ]
INFO: [ app_end ] --END-- [ RunTime:0.002000s ]

[ 2017-04-29T15:12:37+08:00 ] 127.0.0.1 /Wechat/
INFO: [ app_init ] --START--
INFO: Run Behavior\BuildLiteBehavior [ RunTime:0.000000s ]
INFO: [ app_init ] --END-- [ RunTime:0.001000s ]
INFO: [ app_begin ] --START--
INFO: Run Behavior\ReadHtmlCacheBehavior [ RunTime:0.001000s ]
INFO: [ app_begin ] --END-- [ RunTime:0.001000s ]
INFO: [ app_end ] --START--
INFO: Run Behavior\ShowPageTraceBehavior [ RunTime:0.002000s ]
INFO: [ app_end ] --END-- [ RunTime:0.002000s ]

[ 2017-04-29T15:12:39+08:00 ] 127.0.0.1 /Wechat/
INFO: [ app_init ] --START--
INFO: Run Behavior\BuildLiteBehavior [ RunTime:0.000000s ]
INFO: [ app_init ] --END-- [ RunTime:0.002000s ]
INFO: [ app_begin ] --START--
INFO: Run Behavior\ReadHtmlCacheBehavior [ RunTime:0.001000s ]
INFO: [ app_begin ] --END-- [ RunTime:0.001000s ]
INFO: [ app_end ] --START--
INFO: Run Behavior\ShowPageTraceBehavior [ RunTime:0.002000s ]
INFO: [ app_end ] --END-- [ RunTime:0.002000s ]

[ 2017-04-29T15:13:49+08:00 ] 127.0.0.1 /Wechat/index.php?signature=e5d291dac1162f59e14acc1cece5d92bc7ffaf19&timestamp=1493450086&nonce=920521840&openid=oV-bKv_NfGTi1DOToBMP_Notc2Tw
INFO: [ app_init ] --START--
INFO: Run Behavior\BuildLiteBehavior [ RunTime:0.000000s ]
INFO: [ app_init ] --END-- [ RunTime:0.002000s ]
INFO: [ app_begin ] --START--
INFO: Run Behavior\ReadHtmlCacheBehavior [ RunTime:0.002000s ]
INFO: [ app_begin ] --END-- [ RunTime:0.002000s ]
NOTIC: [2] session_start(): Cannot send session cookie - headers already sent D:\phpStudy\WWW\Wechat\ThinkPHP\Common\functions.php 第 1263 行.
NOTIC: [2] session_start(): Cannot send session cache limiter - headers already sent D:\phpStudy\WWW\Wechat\ThinkPHP\Common\functions.php 第 1263 行.
INFO: [ app_end ] --START--
INFO: Run Behavior\ShowPageTraceBehavior [ RunTime:0.001000s ]
INFO: [ app_end ] --END-- [ RunTime:0.002000s ]

[ 2017-04-29T15:13:52+08:00 ] 127.0.0.1 /Wechat/index.php?signature=b8bf3d600c21af213abb522377bb88ef6242ea85&timestamp=1493450089&nonce=1661549183&openid=oV-bKv_NfGTi1DOToBMP_Notc2Tw
INFO: [ app_init ] --START--
INFO: Run Behavior\BuildLiteBehavior [ RunTime:0.001000s ]
INFO: [ app_init ] --END-- [ RunTime:0.001000s ]
INFO: [ app_begin ] --START--
INFO: Run Behavior\ReadHtmlCacheBehavior [ RunTime:0.001000s ]
INFO: [ app_begin ] --END-- [ RunTime:0.001000s ]
NOTIC: [2] session_start(): Cannot send session cookie - headers already sent D:\phpStudy\WWW\Wechat\ThinkPHP\Common\functions.php 第 1263 行.
NOTIC: [2] session_start(): Cannot send session cache limiter - headers already sent D:\phpStudy\WWW\Wechat\ThinkPHP\Common\functions.php 第 1263 行.
INFO: [ app_end ] --START--
INFO: Run Behavior\ShowPageTraceBehavior [ RunTime:0.002000s ]
INFO: [ app_end ] --END-- [ RunTime:0.002000s ]

[ 2017-04-29T15:14:40+08:00 ] 127.0.0.1 /Wechat/
INFO: [ app_init ] --START--
INFO: Run Behavior\BuildLiteBehavior [ RunTime:0.000000s ]
INFO: [ app_init ] --END-- [ RunTime:0.000000s ]
INFO: [ app_begin ] --START--
INFO: Run Behavior\ReadHtmlCacheBehavior [ RunTime:0.000000s ]
INFO: [ app_begin ] --END-- [ RunTime:0.000000s ]
INFO: [ app_end ] --START--
INFO: Run Behavior\ShowPageTraceBehavior [ RunTime:0.002000s ]
INFO: [ app_end ] --END-- [ RunTime:0.002000s ]

[ 2017-04-29T15:15:04+08:00 ] 127.0.0.1 /Wechat/index.php?signature=d8fb204cc787eda465269b6944df8d977b006ee8&timestamp=1493450161&nonce=1574846300&openid=oV-bKv_NfGTi1DOToBMP_Notc2Tw
INFO: [ app_init ] --START--
INFO: Run Behavior\BuildLiteBehavior [ RunTime:0.000000s ]
INFO: [ app_init ] --END-- [ RunTime:0.001000s ]
INFO: [ app_begin ] --START--
INFO: Run Behavior\ReadHtmlCacheBehavior [ RunTime:0.001000s ]
INFO: [ app_begin ] --END-- [ RunTime:0.001000s ]
NOTIC: [2] session_start(): Cannot send session cookie - headers already sent D:\phpStudy\WWW\Wechat\ThinkPHP\Common\functions.php 第 1263 行.
NOTIC: [2] session_start(): Cannot send session cache limiter - headers already sent D:\phpStudy\WWW\Wechat\ThinkPHP\Common\functions.php 第 1263 行.
INFO: [ app_end ] --START--
INFO: Run Behavior\ShowPageTraceBehavior [ RunTime:0.000000s ]
INFO: [ app_end ] --END-- [ RunTime:0.000000s ]

[ 2017-04-29T15:15:06+08:00 ] 127.0.0.1 /Wechat/index.php?signature=a7f27f9d25c97b4fe5f8f86ade9ca90b63f0bcde&timestamp=1493450162&nonce=349387211&openid=oV-bKv_NfGTi1DOToBMP_Notc2Tw
INFO: [ app_init ] --START--
INFO: Run Behavior\BuildLiteBehavior [ RunTime:0.000000s ]
INFO: [ app_init ] --END-- [ RunTime:0.001000s ]
INFO: [ app_begin ] --START--
INFO: Run Behavior\ReadHtmlCacheBehavior [ RunTime:0.001000s ]
INFO: [ app_begin ] --END-- [ RunTime:0.001000s ]
NOTIC: [2] session_start(): Cannot send session cookie - headers already sent D:\phpStudy\WWW\Wechat\ThinkPHP\Common\functions.php 第 1263 行.
NOTIC: [2] session_start(): Cannot send session cache limiter - headers already sent D:\phpStudy\WWW\Wechat\ThinkPHP\Common\functions.php 第 1263 行.
INFO: [ app_end ] --START--
INFO: Run Behavior\ShowPageTraceBehavior [ RunTime:0.002000s ]
INFO: [ app_end ] --END-- [ RunTime:0.002000s ]

[ 2017-04-29T15:15:50+08:00 ] 127.0.0.1 /Wechat/index.php?signature=fa4f7c46d38989c2a433e22b91f7c6efbe2e5194&timestamp=1493450207&nonce=1465671032&openid=oV-bKv_NfGTi1DOToBMP_Notc2Tw
INFO: [ app_init ] --START--
INFO: Run Behavior\BuildLiteBehavior [ RunTime:0.000000s ]
INFO: [ app_init ] --END-- [ RunTime:0.001000s ]
INFO: [ app_begin ] --START--
INFO: Run Behavior\ReadHtmlCacheBehavior [ RunTime:0.001000s ]
INFO: [ app_begin ] --END-- [ RunTime:0.001000s ]
NOTIC: [2] session_start(): Cannot send session cookie - headers already sent D:\phpStudy\WWW\Wechat\ThinkPHP\Common\functions.php 第 1263 行.
NOTIC: [2] session_start(): Cannot send session cache limiter - headers already sent D:\phpStudy\WWW\Wechat\ThinkPHP\Common\functions.php 第 1263 行.
INFO: [ app_end ] --START--
INFO: Run Behavior\ShowPageTraceBehavior [ RunTime:0.002000s ]
INFO: [ app_end ] --END-- [ RunTime:0.002000s ]

[ 2017-04-29T15:15:52+08:00 ] 127.0.0.1 /Wechat/index.php?signature=082e20a0536a4aeacdf02f126ecccebe717bda02&timestamp=1493450208&nonce=1957390676&openid=oV-bKv_NfGTi1DOToBMP_Notc2Tw
INFO: [ app_init ] --START--
INFO: Run Behavior\BuildLiteBehavior [ RunTime:0.000000s ]
INFO: [ app_init ] --END-- [ RunTime:0.001000s ]
INFO: [ app_begin ] --START--
INFO: Run Behavior\ReadHtmlCacheBehavior [ RunTime:0.001000s ]
INFO: [ app_begin ] --END-- [ RunTime:0.001000s ]
NOTIC: [2] session_start(): Cannot send session cookie - headers already sent D:\phpStudy\WWW\Wechat\ThinkPHP\Common\functions.php 第 1263 行.
NOTIC: [2] session_start(): Cannot send session cache limiter - headers already sent D:\phpStudy\WWW\Wechat\ThinkPHP\Common\functions.php 第 1263 行.
INFO: [ app_end ] --START--
INFO: Run Behavior\ShowPageTraceBehavior [ RunTime:0.001000s ]
INFO: [ app_end ] --END-- [ RunTime:0.001000s ]

[ 2017-04-29T16:24:08+08:00 ] 127.0.0.1 /Wechat/index.php?signature=1c0c568e1a4eb12c97380df8e191970906f926c2&timestamp=1493454305&nonce=1524397867&openid=oV-bKv_NfGTi1DOToBMP_Notc2Tw
INFO: [ app_init ] --START--
INFO: Run Behavior\BuildLiteBehavior [ RunTime:0.000000s ]
INFO: [ app_init ] --END-- [ RunTime:0.000000s ]
INFO: [ app_begin ] --START--
INFO: Run Behavior\ReadHtmlCacheBehavior [ RunTime:0.000000s ]
INFO: [ app_begin ] --END-- [ RunTime:0.000000s ]
NOTIC: [2] session_start(): Cannot send session cookie - headers already sent D:\phpStudy\WWW\Wechat\ThinkPHP\Common\functions.php 第 1263 行.
NOTIC: [2] session_start(): Cannot send session cache limiter - headers already sent D:\phpStudy\WWW\Wechat\ThinkPHP\Common\functions.php 第 1263 行.
INFO: [ app_end ] --START--
INFO: Run Behavior\ShowPageTraceBehavior [ RunTime:0.002000s ]
INFO: [ app_end ] --END-- [ RunTime:0.002000s ]

[ 2017-04-29T16:25:58+08:00 ] 127.0.0.1 /Wechat/index.php?signature=611e974a3a3111ca3af7bd98035825b47deb6605&timestamp=1493454415&nonce=1129956503&openid=oV-bKv_NfGTi1DOToBMP_Notc2Tw
INFO: [ app_init ] --START--
INFO: Run Behavior\BuildLiteBehavior [ RunTime:0.000000s ]
INFO: [ app_init ] --END-- [ RunTime:0.001000s ]
INFO: [ app_begin ] --START--
INFO: Run Behavior\ReadHtmlCacheBehavior [ RunTime:0.001000s ]
INFO: [ app_begin ] --END-- [ RunTime:0.001000s ]
NOTIC: [2] session_start(): Cannot send session cookie - headers already sent D:\phpStudy\WWW\Wechat\ThinkPHP\Common\functions.php 第 1263 行.
NOTIC: [2] session_start(): Cannot send session cache limiter - headers already sent D:\phpStudy\WWW\Wechat\ThinkPHP\Common\functions.php 第 1263 行.
INFO: [ app_end ] --START--
INFO: Run Behavior\ShowPageTraceBehavior [ RunTime:0.002000s ]
INFO: [ app_end ] --END-- [ RunTime:0.002000s ]

[ 2017-04-29T16:31:11+08:00 ] 127.0.0.1 /Wechat/index.php?signature=dbf138e53349f8698879cbe6694e37a382de0c7d&timestamp=1493454728&nonce=119351090&openid=oV-bKv_NfGTi1DOToBMP_Notc2Tw
INFO: [ app_init ] --START--
INFO: Run Behavior\BuildLiteBehavior [ RunTime:0.000000s ]
INFO: [ app_init ] --END-- [ RunTime:0.001000s ]
INFO: [ app_begin ] --START--
INFO: Run Behavior\ReadHtmlCacheBehavior [ RunTime:0.001000s ]
INFO: [ app_begin ] --END-- [ RunTime:0.001000s ]
NOTIC: [2] session_start(): Cannot send session cookie - headers already sent D:\phpStudy\WWW\Wechat\ThinkPHP\Common\functions.php 第 1263 行.
NOTIC: [2] session_start(): Cannot send session cache limiter - headers already sent D:\phpStudy\WWW\Wechat\ThinkPHP\Common\functions.php 第 1263 行.
INFO: [ app_end ] --START--
INFO: Run Behavior\ShowPageTraceBehavior [ RunTime:0.002000s ]
INFO: [ app_end ] --END-- [ RunTime:0.002000s ]

[ 2017-04-29T16:50:57+08:00 ] 127.0.0.1 /Wechat/index.php?signature=2bf8a5c7a40605b4b48bc44e19091cb8af701716&timestamp=1493455913&nonce=1942692806&openid=oV-bKv_NfGTi1DOToBMP_Notc2Tw
INFO: [ app_init ] --START--
INFO: Run Behavior\BuildLiteBehavior [ RunTime:0.000000s ]
INFO: [ app_init ] --END-- [ RunTime:0.001000s ]
INFO: [ app_begin ] --START--
INFO: Run Behavior\ReadHtmlCacheBehavior [ RunTime:0.001000s ]
INFO: [ app_begin ] --END-- [ RunTime:0.001000s ]
NOTIC: [2] session_start(): Cannot send session cookie - headers already sent D:\phpStudy\WWW\Wechat\ThinkPHP\Common\functions.php 第 1263 行.
NOTIC: [2] session_start(): Cannot send session cache limiter - headers already sent D:\phpStudy\WWW\Wechat\ThinkPHP\Common\functions.php 第 1263 行.
INFO: [ app_end ] --START--
INFO: Run Behavior\ShowPageTraceBehavior [ RunTime:0.001000s ]
INFO: [ app_end ] --END-- [ RunTime:0.002000s ]

[ 2017-04-29T16:50:58+08:00 ] 127.0.0.1 /Wechat/index.php?signature=56a3ef16c1ced60edf4f28e100d92befb914f7d5&timestamp=1493455914&nonce=1074641229&openid=oV-bKv_NfGTi1DOToBMP_Notc2Tw
INFO: [ app_init ] --START--
INFO: Run Behavior\BuildLiteBehavior [ RunTime:0.000000s ]
INFO: [ app_init ] --END-- [ RunTime:0.001000s ]
INFO: [ app_begin ] --START--
INFO: Run Behavior\ReadHtmlCacheBehavior [ RunTime:0.001000s ]
INFO: [ app_begin ] --END-- [ RunTime:0.001000s ]
NOTIC: [2] session_start(): Cannot send session cookie - headers already sent D:\phpStudy\WWW\Wechat\ThinkPHP\Common\functions.php 第 1263 行.
NOTIC: [2] session_start(): Cannot send session cache limiter - headers already sent D:\phpStudy\WWW\Wechat\ThinkPHP\Common\functions.php 第 1263 行.
INFO: [ app_end ] --START--
INFO: Run Behavior\ShowPageTraceBehavior [ RunTime:0.001000s ]
INFO: [ app_end ] --END-- [ RunTime:0.001000s ]

[ 2017-04-29T17:05:19+08:00 ] 127.0.0.1 /Wechat/index.php?signature=e641c8438c6f0d3cdb01b16b7cc74aaa81d9db81&timestamp=1493456776&nonce=2102830994&openid=oV-bKv_NfGTi1DOToBMP_Notc2Tw
INFO: [ app_init ] --START--
INFO: Run Behavior\BuildLiteBehavior [ RunTime:0.000000s ]
INFO: [ app_init ] --END-- [ RunTime:0.001000s ]
INFO: [ app_begin ] --START--
INFO: Run Behavior\ReadHtmlCacheBehavior [ RunTime:0.000000s ]
INFO: [ app_begin ] --END-- [ RunTime:0.000000s ]
NOTIC: [2] session_start(): Cannot send session cookie - headers already sent D:\phpStudy\WWW\Wechat\ThinkPHP\Common\functions.php 第 1263 行.
NOTIC: [2] session_start(): Cannot send session cache limiter - headers already sent D:\phpStudy\WWW\Wechat\ThinkPHP\Common\functions.php 第 1263 行.
INFO: [ app_end ] --START--
INFO: Run Behavior\ShowPageTraceBehavior [ RunTime:0.002000s ]
INFO: [ app_end ] --END-- [ RunTime:0.002000s ]

[ 2017-04-29T17:05:25+08:00 ] 127.0.0.1 /Wechat/index.php?signature=784e5dac0fb21695e82f8f3ac55f93056dfedde6&timestamp=1493456781&nonce=1010678614&openid=oV-bKv_NfGTi1DOToBMP_Notc2Tw
INFO: [ app_init ] --START--
INFO: Run Behavior\BuildLiteBehavior [ RunTime:0.000000s ]
INFO: [ app_init ] --END-- [ RunTime:0.001000s ]
INFO: [ app_begin ] --START--
INFO: Run Behavior\ReadHtmlCacheBehavior [ RunTime:0.001000s ]
INFO: [ app_begin ] --END-- [ RunTime:0.001000s ]
NOTIC: [2] session_start(): Cannot send session cookie - headers already sent D:\phpStudy\WWW\Wechat\ThinkPHP\Common\functions.php 第 1263 行.
NOTIC: [2] session_start(): Cannot send session cache limiter - headers already sent D:\phpStudy\WWW\Wechat\ThinkPHP\Common\functions.php 第 1263 行.
INFO: [ app_end ] --START--
INFO: Run Behavior\ShowPageTraceBehavior [ RunTime:0.002000s ]
INFO: [ app_end ] --END-- [ RunTime:0.002000s ]

[ 2017-04-29T17:05:26+08:00 ] 127.0.0.1 /Wechat/index.php?signature=53109edec0889c3a48d0e06f253a7669a074d9ae&timestamp=1493456782&nonce=2126439129&openid=oV-bKv_NfGTi1DOToBMP_Notc2Tw
INFO: [ app_init ] --START--
INFO: Run Behavior\BuildLiteBehavior [ RunTime:0.000000s ]
INFO: [ app_init ] --END-- [ RunTime:0.001000s ]
INFO: [ app_begin ] --START--
INFO: Run Behavior\ReadHtmlCacheBehavior [ RunTime:0.001000s ]
INFO: [ app_begin ] --END-- [ RunTime:0.001000s ]
NOTIC: [2] session_start(): Cannot send session cookie - headers already sent D:\phpStudy\WWW\Wechat\ThinkPHP\Common\functions.php 第 1263 行.
NOTIC: [2] session_start(): Cannot send session cache limiter - headers already sent D:\phpStudy\WWW\Wechat\ThinkPHP\Common\functions.php 第 1263 行.
INFO: [ app_end ] --START--
INFO: Run Behavior\ShowPageTraceBehavior [ RunTime:0.001000s ]
INFO: [ app_end ] --END-- [ RunTime:0.001000s ]

[ 2017-04-29T17:05:49+08:00 ] 127.0.0.1 /Wechat/index.php?signature=d28b15fd7753154f34694ac1687f26c2e1d945fd&timestamp=1493456804&nonce=607188441&openid=oV-bKv_NfGTi1DOToBMP_Notc2Tw
INFO: [ app_init ] --START--
INFO: Run Behavior\BuildLiteBehavior [ RunTime:0.000000s ]
INFO: [ app_init ] --END-- [ RunTime:0.000000s ]
INFO: [ app_begin ] --START--
INFO: Run Behavior\ReadHtmlCacheBehavior [ RunTime:0.001000s ]
INFO: [ app_begin ] --END-- [ RunTime:0.001000s ]
NOTIC: [2] session_start(): Cannot send session cookie - headers already sent D:\phpStudy\WWW\Wechat\ThinkPHP\Common\functions.php 第 1263 行.
NOTIC: [2] session_start(): Cannot send session cache limiter - headers already sent D:\phpStudy\WWW\Wechat\ThinkPHP\Common\functions.php 第 1263 行.
INFO: [ app_end ] --START--
INFO: Run Behavior\ShowPageTraceBehavior [ RunTime:0.001000s ]
INFO: [ app_end ] --END-- [ RunTime:0.001000s ]

[ 2017-04-29T17:05:50+08:00 ] 127.0.0.1 /Wechat/index.php?signature=440f6b652dd8618f789639859541716e748622ce&timestamp=1493456802&nonce=386302283&openid=oV-bKv_NfGTi1DOToBMP_Notc2Tw
INFO: [ app_init ] --START--
INFO: Run Behavior\BuildLiteBehavior [ RunTime:0.000000s ]
INFO: [ app_init ] --END-- [ RunTime:0.000000s ]
INFO: [ app_begin ] --START--
INFO: Run Behavior\ReadHtmlCacheBehavior [ RunTime:0.001000s ]
INFO: [ app_begin ] --END-- [ RunTime:0.001000s ]
NOTIC: [2] session_start(): Cannot send session cookie - headers already sent D:\phpStudy\WWW\Wechat\ThinkPHP\Common\functions.php 第 1263 行.
NOTIC: [2] session_start(): Cannot send session cache limiter - headers already sent D:\phpStudy\WWW\Wechat\ThinkPHP\Common\functions.php 第 1263 行.
INFO: [ app_end ] --START--
INFO: Run Behavior\ShowPageTraceBehavior [ RunTime:0.000000s ]
INFO: [ app_end ] --END-- [ RunTime:0.000000s ]

[ 2017-04-29T17:05:55+08:00 ] 127.0.0.1 /Wechat/index.php?signature=440f6b652dd8618f789639859541716e748622ce&timestamp=1493456802&nonce=386302283&openid=oV-bKv_NfGTi1DOToBMP_Notc2Tw
INFO: [ app_init ] --START--
INFO: Run Behavior\BuildLiteBehavior [ RunTime:0.000000s ]
INFO: [ app_init ] --END-- [ RunTime:0.001000s ]
INFO: [ app_begin ] --START--
INFO: Run Behavior\ReadHtmlCacheBehavior [ RunTime:0.001000s ]
INFO: [ app_begin ] --END-- [ RunTime:0.001000s ]
NOTIC: [2] session_start(): Cannot send session cookie - headers already sent D:\phpStudy\WWW\Wechat\ThinkPHP\Common\functions.php 第 1263 行.
NOTIC: [2] session_start(): Cannot send session cache limiter - headers already sent D:\phpStudy\WWW\Wechat\ThinkPHP\Common\functions.php 第 1263 行.
INFO: [ app_end ] --START--
INFO: Run Behavior\ShowPageTraceBehavior [ RunTime:0.001000s ]
INFO: [ app_end ] --END-- [ RunTime:0.001000s ]

