[ 2017-04-18T08:51:07+08:00 ] 127.0.0.1 /Wechat/index.php?signature=ca229294eb4fbc00be6108db92ebed47e5f6997c&timestamp=1492476668&nonce=1062323125&openid=oC_AjuGs-Zk1dXSXIp-XWrXZZQYE
INFO: [ app_init ] --START--
INFO: Run Behavior\BuildLiteBehavior [ RunTime:0.000000s ]
INFO: [ app_init ] --END-- [ RunTime:0.004000s ]
INFO: [ app_begin ] --START--
INFO: Run Behavior\ReadHtmlCacheBehavior [ RunTime:0.001000s ]
INFO: [ app_begin ] --END-- [ RunTime:0.001000s ]
NOTIC: [8] Undefined index: echostr D:\phpStudy\WWW\Wechat\Wechat\Home\Controller\IndexController.class.php 第 17 行.
INFO: [ app_end ] --START--
INFO: Run Behavior\ShowPageTraceBehavior [ RunTime:0.002000s ]
INFO: [ app_end ] --END-- [ RunTime:0.002000s ]

[ 2017-04-18T08:51:08+08:00 ] 127.0.0.1 /Wechat/index.php?signature=0e01fd020899851558bb2c741a64e67ce6db6b8e&timestamp=1492476670&nonce=430169030&openid=oC_AjuGs-Zk1dXSXIp-XWrXZZQYE
INFO: [ app_init ] --START--
INFO: Run Behavior\BuildLiteBehavior [ RunTime:0.000000s ]
INFO: [ app_init ] --END-- [ RunTime:0.001000s ]
INFO: [ app_begin ] --START--
INFO: Run Behavior\ReadHtmlCacheBehavior [ RunTime:0.000000s ]
INFO: [ app_begin ] --END-- [ RunTime:0.001000s ]
NOTIC: [8] Undefined index: echostr D:\phpStudy\WWW\Wechat\Wechat\Home\Controller\IndexController.class.php 第 17 行.
INFO: [ app_end ] --START--
INFO: Run Behavior\ShowPageTraceBehavior [ RunTime:0.001000s ]
INFO: [ app_end ] --END-- [ RunTime:0.001000s ]

[ 2017-04-18T08:51:42+08:00 ] 127.0.0.1 /Wechat/index.php?signature=d0a474f92e8fe920d7b68a96c17f1d5c1f8b8b98&timestamp=1492476704&nonce=1658347792&openid=oC_AjuGs-Zk1dXSXIp-XWrXZZQYE
INFO: [ app_init ] --START--
INFO: Run Behavior\BuildLiteBehavior [ RunTime:0.000000s ]
INFO: [ app_init ] --END-- [ RunTime:0.001000s ]
INFO: [ app_begin ] --START--
INFO: Run Behavior\ReadHtmlCacheBehavior [ RunTime:0.001000s ]
INFO: [ app_begin ] --END-- [ RunTime:0.001000s ]
NOTIC: [8] Undefined index: echostr D:\phpStudy\WWW\Wechat\Wechat\Home\Controller\IndexController.class.php 第 17 行.
INFO: [ app_end ] --START--
INFO: Run Behavior\ShowPageTraceBehavior [ RunTime:0.001000s ]
INFO: [ app_end ] --END-- [ RunTime:0.001000s ]

[ 2017-04-18T08:52:50+08:00 ] 127.0.0.1 /Wechat/index.php?signature=fb484e1b5c148ce70b4891a28bc850d23604fb3b&timestamp=1492476772&nonce=1773552862&openid=oC_AjuGs-Zk1dXSXIp-XWrXZZQYE
INFO: [ app_init ] --START--
INFO: Run Behavior\BuildLiteBehavior [ RunTime:0.000000s ]
INFO: [ app_init ] --END-- [ RunTime:0.002000s ]
INFO: [ app_begin ] --START--
INFO: Run Behavior\ReadHtmlCacheBehavior [ RunTime:0.001000s ]
INFO: [ app_begin ] --END-- [ RunTime:0.001000s ]
NOTIC: [8] Undefined index: echostr D:\phpStudy\WWW\Wechat\Wechat\Home\Controller\IndexController.class.php 第 17 行.
INFO: [ app_end ] --START--
INFO: Run Behavior\ShowPageTraceBehavior [ RunTime:0.001000s ]
INFO: [ app_end ] --END-- [ RunTime:0.001000s ]

[ 2017-04-18T08:52:50+08:00 ] 127.0.0.1 /Wechat/index.php?signature=a7867563a8a96492f52af4cdb8f753daa1458c70&timestamp=1492476772&nonce=1157038744&openid=oC_AjuGs-Zk1dXSXIp-XWrXZZQYE
INFO: [ app_init ] --START--
INFO: Run Behavior\BuildLiteBehavior [ RunTime:0.000000s ]
INFO: [ app_init ] --END-- [ RunTime:0.001000s ]
INFO: [ app_begin ] --START--
INFO: Run Behavior\ReadHtmlCacheBehavior [ RunTime:0.002000s ]
INFO: [ app_begin ] --END-- [ RunTime:0.002000s ]
NOTIC: [8] Undefined index: echostr D:\phpStudy\WWW\Wechat\Wechat\Home\Controller\IndexController.class.php 第 17 行.
INFO: [ app_end ] --START--
INFO: Run Behavior\ShowPageTraceBehavior [ RunTime:0.001000s ]
INFO: [ app_end ] --END-- [ RunTime:0.001000s ]

[ 2017-04-18T08:56:28+08:00 ] 127.0.0.1 /Wechat/index.php?signature=d2792198b1d65465b392de4953ba492397329ce7&timestamp=1492476990&nonce=1990059546&openid=oC_AjuGs-Zk1dXSXIp-XWrXZZQYE
INFO: [ app_init ] --START--
INFO: Run Behavior\BuildLiteBehavior [ RunTime:0.000000s ]
INFO: [ app_init ] --END-- [ RunTime:0.001000s ]
INFO: [ app_begin ] --START--
INFO: Run Behavior\ReadHtmlCacheBehavior [ RunTime:0.001000s ]
INFO: [ app_begin ] --END-- [ RunTime:0.001000s ]
NOTIC: [8] Undefined index: echostr D:\phpStudy\WWW\Wechat\Wechat\Home\Controller\IndexController.class.php 第 17 行.
INFO: [ app_end ] --START--
INFO: Run Behavior\ShowPageTraceBehavior [ RunTime:0.001000s ]
INFO: [ app_end ] --END-- [ RunTime:0.001000s ]

[ 2017-04-18T08:58:34+08:00 ] 127.0.0.1 /Wechat/index.php?signature=7bfe42ad9f5b6dcf113ddd74e2c00e7613606f8a&timestamp=1492477116&nonce=1893119132&openid=oC_AjuGs-Zk1dXSXIp-XWrXZZQYE
INFO: [ app_init ] --START--
INFO: Run Behavior\BuildLiteBehavior [ RunTime:0.000000s ]
INFO: [ app_init ] --END-- [ RunTime:0.001000s ]
INFO: [ app_begin ] --START--
INFO: Run Behavior\ReadHtmlCacheBehavior [ RunTime:0.001000s ]
INFO: [ app_begin ] --END-- [ RunTime:0.001000s ]
NOTIC: [8] Undefined index: echostr D:\phpStudy\WWW\Wechat\Wechat\Home\Controller\IndexController.class.php 第 17 行.
INFO: [ app_end ] --START--
INFO: Run Behavior\ShowPageTraceBehavior [ RunTime:0.001000s ]
INFO: [ app_end ] --END-- [ RunTime:0.001000s ]

[ 2017-04-18T08:58:35+08:00 ] 127.0.0.1 /Wechat/index.php?signature=ee8cbdf76c734c01215803f1d7ade3249690e1db&timestamp=1492477117&nonce=1809826290&openid=oC_AjuGs-Zk1dXSXIp-XWrXZZQYE
INFO: [ app_init ] --START--
INFO: Run Behavior\BuildLiteBehavior [ RunTime:0.000000s ]
INFO: [ app_init ] --END-- [ RunTime:0.001000s ]
INFO: [ app_begin ] --START--
INFO: Run Behavior\ReadHtmlCacheBehavior [ RunTime:0.002000s ]
INFO: [ app_begin ] --END-- [ RunTime:0.002000s ]
NOTIC: [8] Undefined index: echostr D:\phpStudy\WWW\Wechat\Wechat\Home\Controller\IndexController.class.php 第 17 行.
INFO: [ app_end ] --START--
INFO: Run Behavior\ShowPageTraceBehavior [ RunTime:0.001000s ]
INFO: [ app_end ] --END-- [ RunTime:0.001000s ]

[ 2017-04-18T08:59:29+08:00 ] ::1 /Wechat/
INFO: [ app_init ] --START--
INFO: Run Behavior\BuildLiteBehavior [ RunTime:0.000000s ]
INFO: [ app_init ] --END-- [ RunTime:0.001000s ]
INFO: [ app_begin ] --START--
INFO: Run Behavior\ReadHtmlCacheBehavior [ RunTime:0.001000s ]
INFO: [ app_begin ] --END-- [ RunTime:0.001000s ]
NOTIC: [8] Undefined index: echostr D:\phpStudy\WWW\Wechat\Wechat\Home\Controller\IndexController.class.php 第 17 行.
NOTIC: [8] Undefined index: signature D:\phpStudy\WWW\Wechat\Wechat\Home\Controller\IndexController.class.php 第 18 行.
NOTIC: [8] Undefined index: timestamp D:\phpStudy\WWW\Wechat\Wechat\Home\Controller\IndexController.class.php 第 19 行.
NOTIC: [8] Undefined index: nonce D:\phpStudy\WWW\Wechat\Wechat\Home\Controller\IndexController.class.php 第 20 行.
NOTIC: [8] Undefined index: HTTP_RAW_POST_DATA D:\phpStudy\WWW\Wechat\Wechat\Home\Controller\IndexController.class.php 第 192 行.

[ 2017-04-18T09:07:15+08:00 ] 127.0.0.1 /Wechat/index.php?signature=baabcc5455b439c697496765c6060227872164ed&timestamp=1492477637&nonce=1838319379&openid=oC_AjuGs-Zk1dXSXIp-XWrXZZQYE
INFO: [ app_init ] --START--
INFO: Run Behavior\BuildLiteBehavior [ RunTime:0.000000s ]
INFO: [ app_init ] --END-- [ RunTime:0.000000s ]
INFO: [ app_begin ] --START--
INFO: Run Behavior\ReadHtmlCacheBehavior [ RunTime:0.000000s ]
INFO: [ app_begin ] --END-- [ RunTime:0.001000s ]
NOTIC: [8] Undefined index: echostr D:\phpStudy\WWW\Wechat\Wechat\Home\Controller\IndexController.class.php 第 17 行.
INFO: [ app_end ] --START--
INFO: Run Behavior\ShowPageTraceBehavior [ RunTime:0.001000s ]
INFO: [ app_end ] --END-- [ RunTime:0.001000s ]

[ 2017-04-18T09:08:01+08:00 ] ::1 /Wechat/
INFO: [ app_init ] --START--
INFO: Run Behavior\BuildLiteBehavior [ RunTime:0.000000s ]
INFO: [ app_init ] --END-- [ RunTime:0.001000s ]
INFO: [ app_begin ] --START--
INFO: Run Behavior\ReadHtmlCacheBehavior [ RunTime:0.001000s ]
INFO: [ app_begin ] --END-- [ RunTime:0.001000s ]
INFO: [ app_end ] --START--
INFO: Run Behavior\ShowPageTraceBehavior [ RunTime:0.001000s ]
INFO: [ app_end ] --END-- [ RunTime:0.003000s ]

[ 2017-04-18T09:08:09+08:00 ] ::1 /Wechat/
INFO: [ app_init ] --START--
INFO: Run Behavior\BuildLiteBehavior [ RunTime:0.000000s ]
INFO: [ app_init ] --END-- [ RunTime:0.000000s ]
INFO: [ app_begin ] --START--
INFO: Run Behavior\ReadHtmlCacheBehavior [ RunTime:0.001000s ]
INFO: [ app_begin ] --END-- [ RunTime:0.001000s ]
INFO: [ app_end ] --START--
INFO: Run Behavior\ShowPageTraceBehavior [ RunTime:0.002000s ]
INFO: [ app_end ] --END-- [ RunTime:0.003000s ]

[ 2017-04-18T09:08:19+08:00 ] ::1 /Wechat/
INFO: [ app_init ] --START--
INFO: Run Behavior\BuildLiteBehavior [ RunTime:0.000000s ]
INFO: [ app_init ] --END-- [ RunTime:0.000000s ]
INFO: [ app_begin ] --START--
INFO: Run Behavior\ReadHtmlCacheBehavior [ RunTime:0.001000s ]
INFO: [ app_begin ] --END-- [ RunTime:0.001000s ]
NOTIC: [8] Undefined index: echostr D:\phpStudy\WWW\Wechat\Wechat\Home\Controller\IndexController.class.php 第 17 行.
NOTIC: [8] Undefined index: signature D:\phpStudy\WWW\Wechat\Wechat\Home\Controller\IndexController.class.php 第 18 行.
NOTIC: [8] Undefined index: timestamp D:\phpStudy\WWW\Wechat\Wechat\Home\Controller\IndexController.class.php 第 19 行.
NOTIC: [8] Undefined index: nonce D:\phpStudy\WWW\Wechat\Wechat\Home\Controller\IndexController.class.php 第 20 行.
NOTIC: [8] Undefined index: HTTP_RAW_POST_DATA D:\phpStudy\WWW\Wechat\Wechat\Home\Controller\IndexController.class.php 第 192 行.

[ 2017-04-18T09:08:25+08:00 ] 127.0.0.1 /Wechat/index.php?signature=684d52d04412ca6c7db9f1329c8c38d80a4acdec&timestamp=1492477708&nonce=16421375&openid=oC_AjuGs-Zk1dXSXIp-XWrXZZQYE
INFO: [ app_init ] --START--
INFO: Run Behavior\BuildLiteBehavior [ RunTime:0.000000s ]
INFO: [ app_init ] --END-- [ RunTime:0.000000s ]
INFO: [ app_begin ] --START--
INFO: Run Behavior\ReadHtmlCacheBehavior [ RunTime:0.001000s ]
INFO: [ app_begin ] --END-- [ RunTime:0.001000s ]
NOTIC: [8] Undefined index: echostr D:\phpStudy\WWW\Wechat\Wechat\Home\Controller\IndexController.class.php 第 17 行.
INFO: [ app_end ] --START--
INFO: Run Behavior\ShowPageTraceBehavior [ RunTime:0.000000s ]
INFO: [ app_end ] --END-- [ RunTime:0.000000s ]

[ 2017-04-18T09:10:58+08:00 ] 127.0.0.1 /Wechat/index.php?signature=e4d1730292870287f5151477590b163bd4df363e&timestamp=1492477861&nonce=2004504108&openid=oC_AjuGs-Zk1dXSXIp-XWrXZZQYE
INFO: [ app_init ] --START--
INFO: Run Behavior\BuildLiteBehavior [ RunTime:0.000000s ]
INFO: [ app_init ] --END-- [ RunTime:0.000000s ]
INFO: [ app_begin ] --START--
INFO: Run Behavior\ReadHtmlCacheBehavior [ RunTime:0.001000s ]
INFO: [ app_begin ] --END-- [ RunTime:0.001000s ]
NOTIC: [8] Undefined index: echostr D:\phpStudy\WWW\Wechat\Wechat\Home\Controller\IndexController.class.php 第 17 行.
INFO: [ app_end ] --START--
INFO: Run Behavior\ShowPageTraceBehavior [ RunTime:0.001000s ]
INFO: [ app_end ] --END-- [ RunTime:0.001000s ]

[ 2017-04-18T09:11:06+08:00 ] 127.0.0.1 /Wechat/index.php?signature=8ff389aca406939cf014ce5cab3ebfd506a372f7&timestamp=1492477869&nonce=768476614&openid=oC_AjuGs-Zk1dXSXIp-XWrXZZQYE
INFO: [ app_init ] --START--
INFO: Run Behavior\BuildLiteBehavior [ RunTime:0.000000s ]
INFO: [ app_init ] --END-- [ RunTime:0.001000s ]
INFO: [ app_begin ] --START--
INFO: Run Behavior\ReadHtmlCacheBehavior [ RunTime:0.001000s ]
INFO: [ app_begin ] --END-- [ RunTime:0.001000s ]
NOTIC: [8] Undefined index: echostr D:\phpStudy\WWW\Wechat\Wechat\Home\Controller\IndexController.class.php 第 17 行.
INFO: [ app_end ] --START--
INFO: Run Behavior\ShowPageTraceBehavior [ RunTime:0.001000s ]
INFO: [ app_end ] --END-- [ RunTime:0.001000s ]

[ 2017-04-18T09:11:10+08:00 ] 127.0.0.1 /Wechat/index.php?signature=847fb4f73356d8e36466a8b0301fcce6c38ba835&timestamp=1492477872&nonce=1883267352&openid=oC_AjuGs-Zk1dXSXIp-XWrXZZQYE
INFO: [ app_init ] --START--
INFO: Run Behavior\BuildLiteBehavior [ RunTime:0.000000s ]
INFO: [ app_init ] --END-- [ RunTime:0.001000s ]
INFO: [ app_begin ] --START--
INFO: Run Behavior\ReadHtmlCacheBehavior [ RunTime:0.001000s ]
INFO: [ app_begin ] --END-- [ RunTime:0.001000s ]
NOTIC: [8] Undefined index: echostr D:\phpStudy\WWW\Wechat\Wechat\Home\Controller\IndexController.class.php 第 17 行.
INFO: [ app_end ] --START--
INFO: Run Behavior\ShowPageTraceBehavior [ RunTime:0.001000s ]
INFO: [ app_end ] --END-- [ RunTime:0.001000s ]

[ 2017-04-18T09:11:10+08:00 ] 127.0.0.1 /Wechat/index.php?signature=c90d3322ffac0d6711fce644090256152124c553&timestamp=1492477872&nonce=1615127995&openid=oC_AjuGs-Zk1dXSXIp-XWrXZZQYE
INFO: [ app_init ] --START--
INFO: Run Behavior\BuildLiteBehavior [ RunTime:0.000000s ]
INFO: [ app_init ] --END-- [ RunTime:0.001000s ]
INFO: [ app_begin ] --START--
INFO: Run Behavior\ReadHtmlCacheBehavior [ RunTime:0.001000s ]
INFO: [ app_begin ] --END-- [ RunTime:0.001000s ]
NOTIC: [8] Undefined index: echostr D:\phpStudy\WWW\Wechat\Wechat\Home\Controller\IndexController.class.php 第 17 行.
INFO: [ app_end ] --START--
INFO: Run Behavior\ShowPageTraceBehavior [ RunTime:0.001000s ]
INFO: [ app_end ] --END-- [ RunTime:0.001000s ]

[ 2017-04-18T09:11:25+08:00 ] 127.0.0.1 /Wechat/index.php?signature=67c13bc259810903673878edeccd096662ce53fc&timestamp=1492477887&nonce=347855046&openid=oC_AjuGs-Zk1dXSXIp-XWrXZZQYE
INFO: [ app_init ] --START--
INFO: Run Behavior\BuildLiteBehavior [ RunTime:0.000000s ]
INFO: [ app_init ] --END-- [ RunTime:0.000000s ]
INFO: [ app_begin ] --START--
INFO: Run Behavior\ReadHtmlCacheBehavior [ RunTime:0.001000s ]
INFO: [ app_begin ] --END-- [ RunTime:0.001000s ]
NOTIC: [8] Undefined index: echostr D:\phpStudy\WWW\Wechat\Wechat\Home\Controller\IndexController.class.php 第 17 行.
INFO: [ app_end ] --START--
INFO: Run Behavior\ShowPageTraceBehavior [ RunTime:0.001000s ]
INFO: [ app_end ] --END-- [ RunTime:0.001000s ]

[ 2017-04-18T09:11:28+08:00 ] 127.0.0.1 /Wechat/index.php?signature=339f27282cfd2ce4bd9e979dac990e47b44ed7ce&timestamp=1492477890&nonce=1296772590&openid=oC_AjuGs-Zk1dXSXIp-XWrXZZQYE
INFO: [ app_init ] --START--
INFO: Run Behavior\BuildLiteBehavior [ RunTime:0.000000s ]
INFO: [ app_init ] --END-- [ RunTime:0.001000s ]
INFO: [ app_begin ] --START--
INFO: Run Behavior\ReadHtmlCacheBehavior [ RunTime:0.002000s ]
INFO: [ app_begin ] --END-- [ RunTime:0.002000s ]
NOTIC: [8] Undefined index: echostr D:\phpStudy\WWW\Wechat\Wechat\Home\Controller\IndexController.class.php 第 17 行.
INFO: [ app_end ] --START--
INFO: Run Behavior\ShowPageTraceBehavior [ RunTime:0.000000s ]
INFO: [ app_end ] --END-- [ RunTime:0.001000s ]

[ 2017-04-18T09:11:34+08:00 ] 127.0.0.1 /Wechat/index.php?signature=a8e875898f00d3dd0ade65ab9c8d7eadf40b430c&timestamp=1492477897&nonce=1923300044&openid=oC_AjuGs-Zk1dXSXIp-XWrXZZQYE
INFO: [ app_init ] --START--
INFO: Run Behavior\BuildLiteBehavior [ RunTime:0.000000s ]
INFO: [ app_init ] --END-- [ RunTime:0.001000s ]
INFO: [ app_begin ] --START--
INFO: Run Behavior\ReadHtmlCacheBehavior [ RunTime:0.001000s ]
INFO: [ app_begin ] --END-- [ RunTime:0.001000s ]
NOTIC: [8] Undefined index: echostr D:\phpStudy\WWW\Wechat\Wechat\Home\Controller\IndexController.class.php 第 17 行.
INFO: [ app_end ] --START--
INFO: Run Behavior\ShowPageTraceBehavior [ RunTime:0.001000s ]
INFO: [ app_end ] --END-- [ RunTime:0.001000s ]

[ 2017-04-18T09:22:24+08:00 ] 127.0.0.1 /Wechat/index.php?signature=6808a46e0c342a5bfe82e4a516d3b6bd4cb76f1b&timestamp=1492478546&nonce=2004590388&openid=oC_AjuGs-Zk1dXSXIp-XWrXZZQYE
INFO: [ app_init ] --START--
INFO: Run Behavior\BuildLiteBehavior [ RunTime:0.000000s ]
INFO: [ app_init ] --END-- [ RunTime:0.000000s ]
INFO: [ app_begin ] --START--
INFO: Run Behavior\ReadHtmlCacheBehavior [ RunTime:0.001000s ]
INFO: [ app_begin ] --END-- [ RunTime:0.001000s ]
NOTIC: [8] Undefined index: echostr D:\phpStudy\WWW\Wechat\Wechat\Home\Controller\IndexController.class.php 第 17 行.
INFO: [ app_end ] --START--
INFO: Run Behavior\ShowPageTraceBehavior [ RunTime:0.001000s ]
INFO: [ app_end ] --END-- [ RunTime:0.001000s ]

[ 2017-04-18T09:29:02+08:00 ] 127.0.0.1 /Wechat/index.php?signature=408b39dbae4917745c7387fa17856e2c690e259e&timestamp=1492478944&nonce=1577242945&openid=oC_AjuGs-Zk1dXSXIp-XWrXZZQYE
INFO: [ app_init ] --START--
INFO: Run Behavior\BuildLiteBehavior [ RunTime:0.000000s ]
INFO: [ app_init ] --END-- [ RunTime:0.001000s ]
INFO: [ app_begin ] --START--
INFO: Run Behavior\ReadHtmlCacheBehavior [ RunTime:0.001000s ]
INFO: [ app_begin ] --END-- [ RunTime:0.001000s ]
NOTIC: [8] Undefined index: echostr D:\phpStudy\WWW\Wechat\Wechat\Home\Controller\IndexController.class.php 第 17 行.
INFO: [ app_end ] --START--
INFO: Run Behavior\ShowPageTraceBehavior [ RunTime:0.001000s ]
INFO: [ app_end ] --END-- [ RunTime:0.001000s ]

[ 2017-04-18T09:40:22+08:00 ] 127.0.0.1 /Wechat/index.php?signature=609508b372c8b0a8dc1f2a2cdafc7d60d7abdf30&timestamp=1492479624&nonce=1064216392&openid=oC_AjuGs-Zk1dXSXIp-XWrXZZQYE
INFO: [ app_init ] --START--
INFO: Run Behavior\BuildLiteBehavior [ RunTime:0.000000s ]
INFO: [ app_init ] --END-- [ RunTime:0.000000s ]
INFO: [ app_begin ] --START--
INFO: Run Behavior\ReadHtmlCacheBehavior [ RunTime:0.000000s ]
INFO: [ app_begin ] --END-- [ RunTime:0.000000s ]
NOTIC: [8] Undefined index: echostr D:\phpStudy\WWW\Wechat\Wechat\Home\Controller\IndexController.class.php 第 17 行.
INFO: [ app_end ] --START--
INFO: Run Behavior\ShowPageTraceBehavior [ RunTime:0.001000s ]
INFO: [ app_end ] --END-- [ RunTime:0.001000s ]

[ 2017-04-18T09:44:42+08:00 ] 127.0.0.1 /Wechat/index.php?signature=61124ff7fe8f9af6184f66817e0377d0c423cbba&timestamp=1492479883&nonce=738241263&openid=oC_AjuGs-Zk1dXSXIp-XWrXZZQYE
INFO: [ app_init ] --START--
INFO: Run Behavior\BuildLiteBehavior [ RunTime:0.000000s ]
INFO: [ app_init ] --END-- [ RunTime:0.001000s ]
INFO: [ app_begin ] --START--
INFO: Run Behavior\ReadHtmlCacheBehavior [ RunTime:0.001000s ]
INFO: [ app_begin ] --END-- [ RunTime:0.001000s ]
NOTIC: [8] Undefined index: echostr D:\phpStudy\WWW\Wechat\Wechat\Home\Controller\IndexController.class.php 第 17 行.
INFO: [ app_end ] --START--
INFO: Run Behavior\ShowPageTraceBehavior [ RunTime:0.001000s ]
INFO: [ app_end ] --END-- [ RunTime:0.001000s ]

[ 2017-04-18T09:55:39+08:00 ] 127.0.0.1 /Wechat/index.php?signature=59e301da0e323d78f59c2cc514d0498fc38390c8&timestamp=1492480541&nonce=1673642361&openid=oC_AjuGs-Zk1dXSXIp-XWrXZZQYE
INFO: [ app_init ] --START--
INFO: Run Behavior\BuildLiteBehavior [ RunTime:0.000000s ]
INFO: [ app_init ] --END-- [ RunTime:0.001000s ]
INFO: [ app_begin ] --START--
INFO: Run Behavior\ReadHtmlCacheBehavior [ RunTime:0.002000s ]
INFO: [ app_begin ] --END-- [ RunTime:0.002000s ]
NOTIC: [8] Undefined index: echostr D:\phpStudy\WWW\Wechat\Wechat\Home\Controller\IndexController.class.php 第 17 行.
INFO: [ app_end ] --START--
INFO: Run Behavior\ShowPageTraceBehavior [ RunTime:0.002000s ]
INFO: [ app_end ] --END-- [ RunTime:0.002000s ]

[ 2017-04-18T10:11:16+08:00 ] 127.0.0.1 /Wechat/index.php?signature=27d8e115215b2af0d9d6b71dfe8cefe7ae5d30cb&timestamp=1492481478&nonce=1879743085&openid=oC_AjuGs-Zk1dXSXIp-XWrXZZQYE
INFO: [ app_init ] --START--
INFO: Run Behavior\BuildLiteBehavior [ RunTime:0.000000s ]
INFO: [ app_init ] --END-- [ RunTime:0.000000s ]
INFO: [ app_begin ] --START--
INFO: Run Behavior\ReadHtmlCacheBehavior [ RunTime:0.001000s ]
INFO: [ app_begin ] --END-- [ RunTime:0.001000s ]
NOTIC: [8] Undefined index: echostr D:\phpStudy\WWW\Wechat\Wechat\Home\Controller\IndexController.class.php 第 17 行.
INFO: [ app_end ] --START--
INFO: Run Behavior\ShowPageTraceBehavior [ RunTime:0.001000s ]
INFO: [ app_end ] --END-- [ RunTime:0.001000s ]

[ 2017-04-18T10:18:24+08:00 ] 127.0.0.1 /Wechat/index.php?signature=cbda8de71f21f2263a8bbd3dd349afe47b99caf9&timestamp=1492481906&nonce=1161445141&openid=oC_AjuGs-Zk1dXSXIp-XWrXZZQYE
INFO: [ app_init ] --START--
INFO: Run Behavior\BuildLiteBehavior [ RunTime:0.000000s ]
INFO: [ app_init ] --END-- [ RunTime:0.001000s ]
INFO: [ app_begin ] --START--
INFO: Run Behavior\ReadHtmlCacheBehavior [ RunTime:0.001000s ]
INFO: [ app_begin ] --END-- [ RunTime:0.001000s ]
NOTIC: [8] Undefined index: echostr D:\phpStudy\WWW\Wechat\Wechat\Home\Controller\IndexController.class.php 第 17 行.
INFO: [ app_end ] --START--
INFO: Run Behavior\ShowPageTraceBehavior [ RunTime:0.001000s ]
INFO: [ app_end ] --END-- [ RunTime:0.001000s ]

[ 2017-04-18T10:24:33+08:00 ] 127.0.0.1 /Wechat/index.php?signature=9d7e20e8c334c449a2e075e638fba8b30f3c81c0&timestamp=1492482275&nonce=877622058&openid=oC_AjuGs-Zk1dXSXIp-XWrXZZQYE
INFO: [ app_init ] --START--
INFO: Run Behavior\BuildLiteBehavior [ RunTime:0.000000s ]
INFO: [ app_init ] --END-- [ RunTime:0.001000s ]
INFO: [ app_begin ] --START--
INFO: Run Behavior\ReadHtmlCacheBehavior [ RunTime:0.001000s ]
INFO: [ app_begin ] --END-- [ RunTime:0.001000s ]
NOTIC: [8] Undefined index: echostr D:\phpStudy\WWW\Wechat\Wechat\Home\Controller\IndexController.class.php 第 17 行.
INFO: [ app_end ] --START--
INFO: Run Behavior\ShowPageTraceBehavior [ RunTime:0.001000s ]
INFO: [ app_end ] --END-- [ RunTime:0.001000s ]

[ 2017-04-18T10:28:59+08:00 ] 127.0.0.1 /Wechat/index.php?signature=4fb39d50f45f2b473d52b7b2454845a8a2b810fb&timestamp=1492482542&nonce=591644030&openid=oC_AjuGs-Zk1dXSXIp-XWrXZZQYE
INFO: [ app_init ] --START--
INFO: Run Behavior\BuildLiteBehavior [ RunTime:0.000000s ]
INFO: [ app_init ] --END-- [ RunTime:0.000000s ]
INFO: [ app_begin ] --START--
INFO: Run Behavior\ReadHtmlCacheBehavior [ RunTime:0.001000s ]
INFO: [ app_begin ] --END-- [ RunTime:0.001000s ]
NOTIC: [8] Undefined index: echostr D:\phpStudy\WWW\Wechat\Wechat\Home\Controller\IndexController.class.php 第 17 行.
INFO: [ app_end ] --START--
INFO: Run Behavior\ShowPageTraceBehavior [ RunTime:0.001000s ]
INFO: [ app_end ] --END-- [ RunTime:0.001000s ]

[ 2017-04-18T10:54:24+08:00 ] 127.0.0.1 /Wechat/index.php?signature=6d04367d0e2dab2789352c9971f007dd0bcfdba1&timestamp=1492484066&nonce=1175832604&openid=oC_AjuGs-Zk1dXSXIp-XWrXZZQYE
INFO: [ app_init ] --START--
INFO: Run Behavior\BuildLiteBehavior [ RunTime:0.000000s ]
INFO: [ app_init ] --END-- [ RunTime:0.001000s ]
INFO: [ app_begin ] --START--
INFO: Run Behavior\ReadHtmlCacheBehavior [ RunTime:0.002000s ]
INFO: [ app_begin ] --END-- [ RunTime:0.002000s ]
NOTIC: [8] Undefined index: echostr D:\phpStudy\WWW\Wechat\Wechat\Home\Controller\IndexController.class.php 第 17 行.
INFO: [ app_end ] --START--
INFO: Run Behavior\ShowPageTraceBehavior [ RunTime:0.001000s ]
INFO: [ app_end ] --END-- [ RunTime:0.001000s ]

[ 2017-04-18T10:57:29+08:00 ] 127.0.0.1 /Wechat/index.php?signature=21efc057eb40272ae8691ef8f9c933984b85210c&timestamp=1492484251&nonce=1549072172&openid=oC_AjuGs-Zk1dXSXIp-XWrXZZQYE
INFO: [ app_init ] --START--
INFO: Run Behavior\BuildLiteBehavior [ RunTime:0.000000s ]
INFO: [ app_init ] --END-- [ RunTime:0.001000s ]
INFO: [ app_begin ] --START--
INFO: Run Behavior\ReadHtmlCacheBehavior [ RunTime:0.002000s ]
INFO: [ app_begin ] --END-- [ RunTime:0.002000s ]
NOTIC: [8] Undefined index: echostr D:\phpStudy\WWW\Wechat\Wechat\Home\Controller\IndexController.class.php 第 17 行.
INFO: [ app_end ] --START--
INFO: Run Behavior\ShowPageTraceBehavior [ RunTime:0.001000s ]
INFO: [ app_end ] --END-- [ RunTime:0.001000s ]

[ 2017-04-18T11:07:06+08:00 ] 127.0.0.1 /Wechat/index.php?signature=7cc0d8889891dc55eb8442d6251cf9ca4a6b7eb0&timestamp=1492484827&nonce=984921628&openid=oC_AjuGs-Zk1dXSXIp-XWrXZZQYE
INFO: [ app_init ] --START--
INFO: Run Behavior\BuildLiteBehavior [ RunTime:0.000000s ]
INFO: [ app_init ] --END-- [ RunTime:0.001000s ]
INFO: [ app_begin ] --START--
INFO: Run Behavior\ReadHtmlCacheBehavior [ RunTime:0.002000s ]
INFO: [ app_begin ] --END-- [ RunTime:0.002000s ]
NOTIC: [8] Undefined index: echostr D:\phpStudy\WWW\Wechat\Wechat\Home\Controller\IndexController.class.php 第 17 行.
INFO: [ app_end ] --START--
INFO: Run Behavior\ShowPageTraceBehavior [ RunTime:0.001000s ]
INFO: [ app_end ] --END-- [ RunTime:0.001000s ]

[ 2017-04-18T11:07:32+08:00 ] 127.0.0.1 /Wechat/index.php?signature=e9f9dfb091cd500b65308fb76569a2c26337bc5c&timestamp=1492484855&nonce=2101279479&openid=oC_AjuGs-Zk1dXSXIp-XWrXZZQYE
INFO: [ app_init ] --START--
INFO: Run Behavior\BuildLiteBehavior [ RunTime:0.000000s ]
INFO: [ app_init ] --END-- [ RunTime:0.001000s ]
INFO: [ app_begin ] --START--
INFO: Run Behavior\ReadHtmlCacheBehavior [ RunTime:0.002000s ]
INFO: [ app_begin ] --END-- [ RunTime:0.002000s ]
NOTIC: [8] Undefined index: echostr D:\phpStudy\WWW\Wechat\Wechat\Home\Controller\IndexController.class.php 第 17 行.
INFO: [ app_end ] --START--
INFO: Run Behavior\ShowPageTraceBehavior [ RunTime:0.002000s ]
INFO: [ app_end ] --END-- [ RunTime:0.002000s ]

[ 2017-04-18T11:09:36+08:00 ] 127.0.0.1 /Wechat/index.php?signature=fceb39a43c41819889f36b0f272a6fe563c6f944&timestamp=1492484978&nonce=1454185276&openid=oC_AjuGs-Zk1dXSXIp-XWrXZZQYE
INFO: [ app_init ] --START--
INFO: Run Behavior\BuildLiteBehavior [ RunTime:0.000000s ]
INFO: [ app_init ] --END-- [ RunTime:0.001000s ]
INFO: [ app_begin ] --START--
INFO: Run Behavior\ReadHtmlCacheBehavior [ RunTime:0.001000s ]
INFO: [ app_begin ] --END-- [ RunTime:0.001000s ]
NOTIC: [8] Undefined index: echostr D:\phpStudy\WWW\Wechat\Wechat\Home\Controller\IndexController.class.php 第 17 行.
INFO: [ app_end ] --START--
INFO: Run Behavior\ShowPageTraceBehavior [ RunTime:0.001000s ]
INFO: [ app_end ] --END-- [ RunTime:0.001000s ]

[ 2017-04-18T11:31:14+08:00 ] 127.0.0.1 /Wechat/index.php?signature=f5b637472de88af46e99951e7be4c97e301c783e&timestamp=1492486277&nonce=1631889925&openid=oC_AjuGs-Zk1dXSXIp-XWrXZZQYE
INFO: [ app_init ] --START--
INFO: Run Behavior\BuildLiteBehavior [ RunTime:0.000000s ]
INFO: [ app_init ] --END-- [ RunTime:0.001000s ]
INFO: [ app_begin ] --START--
INFO: Run Behavior\ReadHtmlCacheBehavior [ RunTime:0.001000s ]
INFO: [ app_begin ] --END-- [ RunTime:0.001000s ]
NOTIC: [8] Undefined index: echostr D:\phpStudy\WWW\Wechat\Wechat\Home\Controller\IndexController.class.php 第 17 行.
INFO: [ app_end ] --START--
INFO: Run Behavior\ShowPageTraceBehavior [ RunTime:0.001000s ]
INFO: [ app_end ] --END-- [ RunTime:0.001000s ]

[ 2017-04-18T11:34:30+08:00 ] 127.0.0.1 /Wechat/index.php?signature=caf1660460eafd9fca3fb56c0241f4f1437079e5&timestamp=1492486473&nonce=607060572&openid=oC_AjuGs-Zk1dXSXIp-XWrXZZQYE
INFO: [ app_init ] --START--
INFO: Run Behavior\BuildLiteBehavior [ RunTime:0.000000s ]
INFO: [ app_init ] --END-- [ RunTime:0.000000s ]
INFO: [ app_begin ] --START--
INFO: Run Behavior\ReadHtmlCacheBehavior [ RunTime:0.001000s ]
INFO: [ app_begin ] --END-- [ RunTime:0.001000s ]
NOTIC: [8] Undefined index: echostr D:\phpStudy\WWW\Wechat\Wechat\Home\Controller\IndexController.class.php 第 17 行.
INFO: [ app_end ] --START--
INFO: Run Behavior\ShowPageTraceBehavior [ RunTime:0.001000s ]
INFO: [ app_end ] --END-- [ RunTime:0.001000s ]

[ 2017-04-18T11:41:15+08:00 ] 127.0.0.1 /Wechat/index.php?signature=63921a1aab956b65517a95eac53429ecd2625146&timestamp=1492486877&nonce=423504691&openid=oC_AjuGs-Zk1dXSXIp-XWrXZZQYE
INFO: [ app_init ] --START--
INFO: Run Behavior\BuildLiteBehavior [ RunTime:0.000000s ]
INFO: [ app_init ] --END-- [ RunTime:0.000000s ]
INFO: [ app_begin ] --START--
INFO: Run Behavior\ReadHtmlCacheBehavior [ RunTime:0.001000s ]
INFO: [ app_begin ] --END-- [ RunTime:0.001000s ]
NOTIC: [8] Undefined index: echostr D:\phpStudy\WWW\Wechat\Wechat\Home\Controller\IndexController.class.php 第 17 行.
INFO: [ app_end ] --START--
INFO: Run Behavior\ShowPageTraceBehavior [ RunTime:0.001000s ]
INFO: [ app_end ] --END-- [ RunTime:0.001000s ]

[ 2017-04-18T13:29:43+08:00 ] 127.0.0.1 /Wechat/index.php?signature=5bcf96f3306aa4b041e57298655d36a98456352d&timestamp=1492493385&nonce=1766538686&openid=oC_AjuGs-Zk1dXSXIp-XWrXZZQYE
INFO: [ app_init ] --START--
INFO: Run Behavior\BuildLiteBehavior [ RunTime:0.000000s ]
INFO: [ app_init ] --END-- [ RunTime:0.001000s ]
INFO: [ app_begin ] --START--
INFO: Run Behavior\ReadHtmlCacheBehavior [ RunTime:0.001000s ]
INFO: [ app_begin ] --END-- [ RunTime:0.001000s ]
NOTIC: [8] Undefined index: echostr D:\phpStudy\WWW\Wechat\Wechat\Home\Controller\IndexController.class.php 第 17 行.
INFO: [ app_end ] --START--
INFO: Run Behavior\ShowPageTraceBehavior [ RunTime:0.001000s ]
INFO: [ app_end ] --END-- [ RunTime:0.001000s ]

[ 2017-04-18T13:59:55+08:00 ] 127.0.0.1 /Wechat/index.php?signature=09d6d6ee1054447432819a6bff055c9754ce748a&timestamp=1492495191&nonce=1850507741&openid=oC_AjuGs-Zk1dXSXIp-XWrXZZQYE
INFO: [ app_init ] --START--
INFO: Run Behavior\BuildLiteBehavior [ RunTime:0.000000s ]
INFO: [ app_init ] --END-- [ RunTime:0.001000s ]
INFO: [ app_begin ] --START--
INFO: Run Behavior\ReadHtmlCacheBehavior [ RunTime:0.001000s ]
INFO: [ app_begin ] --END-- [ RunTime:0.001000s ]
NOTIC: [8] Undefined index: echostr D:\phpStudy\WWW\Wechat\Wechat\Home\Controller\IndexController.class.php 第 17 行.
INFO: [ app_end ] --START--
INFO: Run Behavior\ShowPageTraceBehavior [ RunTime:0.001000s ]
INFO: [ app_end ] --END-- [ RunTime:0.001000s ]

[ 2017-04-18T13:59:58+08:00 ] 127.0.0.1 /Wechat/index.php?signature=09d6d6ee1054447432819a6bff055c9754ce748a&timestamp=1492495191&nonce=1850507741&openid=oC_AjuGs-Zk1dXSXIp-XWrXZZQYE
INFO: [ app_init ] --START--
INFO: Run Behavior\BuildLiteBehavior [ RunTime:0.000000s ]
INFO: [ app_init ] --END-- [ RunTime:0.002000s ]
INFO: [ app_begin ] --START--
INFO: Run Behavior\ReadHtmlCacheBehavior [ RunTime:0.001000s ]
INFO: [ app_begin ] --END-- [ RunTime:0.001000s ]
NOTIC: [8] Undefined index: echostr D:\phpStudy\WWW\Wechat\Wechat\Home\Controller\IndexController.class.php 第 17 行.
INFO: [ app_end ] --START--
INFO: Run Behavior\ShowPageTraceBehavior [ RunTime:0.000000s ]
INFO: [ app_end ] --END-- [ RunTime:0.000000s ]

[ 2017-04-18T14:00:04+08:00 ] 127.0.0.1 /Wechat/index.php?signature=09d6d6ee1054447432819a6bff055c9754ce748a&timestamp=1492495191&nonce=1850507741&openid=oC_AjuGs-Zk1dXSXIp-XWrXZZQYE
INFO: [ app_init ] --START--
INFO: Run Behavior\BuildLiteBehavior [ RunTime:0.000000s ]
INFO: [ app_init ] --END-- [ RunTime:0.000000s ]
INFO: [ app_begin ] --START--
INFO: Run Behavior\ReadHtmlCacheBehavior [ RunTime:0.000000s ]
INFO: [ app_begin ] --END-- [ RunTime:0.000000s ]
NOTIC: [8] Undefined index: echostr D:\phpStudy\WWW\Wechat\Wechat\Home\Controller\IndexController.class.php 第 17 行.
INFO: [ app_end ] --START--
INFO: Run Behavior\ShowPageTraceBehavior [ RunTime:0.001000s ]
INFO: [ app_end ] --END-- [ RunTime:0.001000s ]

[ 2017-04-18T14:03:25+08:00 ] 127.0.0.1 /Wechat/index.php?signature=43a6047ac7dbe314ac40785a96f73f6a7e77e20a&timestamp=1492495407&nonce=1280717255&openid=oC_AjuGs-Zk1dXSXIp-XWrXZZQYE
INFO: [ app_init ] --START--
INFO: Run Behavior\BuildLiteBehavior [ RunTime:0.000000s ]
INFO: [ app_init ] --END-- [ RunTime:0.001000s ]
INFO: [ app_begin ] --START--
INFO: Run Behavior\ReadHtmlCacheBehavior [ RunTime:0.001000s ]
INFO: [ app_begin ] --END-- [ RunTime:0.001000s ]
NOTIC: [8] Undefined index: echostr D:\phpStudy\WWW\Wechat\Wechat\Home\Controller\IndexController.class.php 第 17 行.
INFO: [ app_end ] --START--
INFO: Run Behavior\ShowPageTraceBehavior [ RunTime:0.001000s ]
INFO: [ app_end ] --END-- [ RunTime:0.001000s ]

