[ 2017-04-01T10:16:10+08:00 ] ::1 /
INFO: [ app_init ] --START--
INFO: Run Behavior\BuildLiteBehavior [ RunTime:0.000000s ]
INFO: [ app_init ] --END-- [ RunTime:0.000000s ]
INFO: [ app_begin ] --START--
INFO: Run Behavior\ReadHtmlCacheBehavior [ RunTime:0.000000s ]
INFO: [ app_begin ] --END-- [ RunTime:0.000000s ]
NOTIC: [8] Undefined index: echostr D:\phpStudy\WWW\Wechat\Home\Controller\IndexController.class.php 第 12 行.
NOTIC: [8] Undefined index: signature D:\phpStudy\WWW\Wechat\Home\Controller\IndexController.class.php 第 13 行.
NOTIC: [8] Undefined index: timestamp D:\phpStudy\WWW\Wechat\Home\Controller\IndexController.class.php 第 14 行.
NOTIC: [8] Undefined index: nonce D:\phpStudy\WWW\Wechat\Home\Controller\IndexController.class.php 第 15 行.
NOTIC: [8] Undefined index: HTTP_RAW_POST_DATA D:\phpStudy\WWW\Wechat\Home\Controller\IndexController.class.php 第 126 行.

[ 2017-04-01T10:23:31+08:00 ] ::1 /
INFO: [ app_init ] --START--
INFO: Run Behavior\BuildLiteBehavior [ RunTime:0.000000s ]
INFO: [ app_init ] --END-- [ RunTime:0.000000s ]
INFO: [ app_begin ] --START--
INFO: Run Behavior\ReadHtmlCacheBehavior [ RunTime:0.001000s ]
INFO: [ app_begin ] --END-- [ RunTime:0.001000s ]
NOTIC: [8] Undefined index: echostr D:\phpStudy\WWW\Wechat\Home\Controller\IndexController.class.php 第 12 行.
NOTIC: [8] Undefined index: signature D:\phpStudy\WWW\Wechat\Home\Controller\IndexController.class.php 第 13 行.
NOTIC: [8] Undefined index: timestamp D:\phpStudy\WWW\Wechat\Home\Controller\IndexController.class.php 第 14 行.
NOTIC: [8] Undefined index: nonce D:\phpStudy\WWW\Wechat\Home\Controller\IndexController.class.php 第 15 行.
NOTIC: [8] Undefined index: HTTP_RAW_POST_DATA D:\phpStudy\WWW\Wechat\Home\Controller\IndexController.class.php 第 126 行.

[ 2017-04-01T10:23:47+08:00 ] 127.0.0.1 /index.php
INFO: [ app_init ] --START--
INFO: Run Behavior\BuildLiteBehavior [ RunTime:0.000000s ]
INFO: [ app_init ] --END-- [ RunTime:0.000000s ]
INFO: [ app_begin ] --START--
INFO: Run Behavior\ReadHtmlCacheBehavior [ RunTime:0.001000s ]
INFO: [ app_begin ] --END-- [ RunTime:0.001000s ]
NOTIC: [8] Undefined index: echostr D:\phpStudy\WWW\Wechat\Home\Controller\IndexController.class.php 第 12 行.
NOTIC: [8] Undefined index: signature D:\phpStudy\WWW\Wechat\Home\Controller\IndexController.class.php 第 13 行.
NOTIC: [8] Undefined index: timestamp D:\phpStudy\WWW\Wechat\Home\Controller\IndexController.class.php 第 14 行.
NOTIC: [8] Undefined index: nonce D:\phpStudy\WWW\Wechat\Home\Controller\IndexController.class.php 第 15 行.
NOTIC: [8] Undefined index: HTTP_RAW_POST_DATA D:\phpStudy\WWW\Wechat\Home\Controller\IndexController.class.php 第 126 行.

[ 2017-04-01T11:37:48+08:00 ] ::1 /
INFO: [ app_init ] --START--
INFO: Run Behavior\BuildLiteBehavior [ RunTime:0.000000s ]
INFO: [ app_init ] --END-- [ RunTime:0.001000s ]
INFO: [ app_begin ] --START--
INFO: Run Behavior\ReadHtmlCacheBehavior [ RunTime:0.001000s ]
INFO: [ app_begin ] --END-- [ RunTime:0.001000s ]
NOTIC: [8] Undefined index: echostr D:\phpStudy\WWW\Wechat\Home\Controller\IndexController.class.php 第 12 行.
NOTIC: [8] Undefined index: signature D:\phpStudy\WWW\Wechat\Home\Controller\IndexController.class.php 第 13 行.
NOTIC: [8] Undefined index: timestamp D:\phpStudy\WWW\Wechat\Home\Controller\IndexController.class.php 第 14 行.
NOTIC: [8] Undefined index: nonce D:\phpStudy\WWW\Wechat\Home\Controller\IndexController.class.php 第 15 行.
NOTIC: [8] Undefined index: HTTP_RAW_POST_DATA D:\phpStudy\WWW\Wechat\Home\Controller\IndexController.class.php 第 126 行.

[ 2017-04-01T11:37:51+08:00 ] ::1 /
INFO: [ app_init ] --START--
INFO: Run Behavior\BuildLiteBehavior [ RunTime:0.000000s ]
INFO: [ app_init ] --END-- [ RunTime:0.000000s ]
INFO: [ app_begin ] --START--
INFO: Run Behavior\ReadHtmlCacheBehavior [ RunTime:0.000000s ]
INFO: [ app_begin ] --END-- [ RunTime:0.000000s ]
NOTIC: [8] Undefined index: echostr D:\phpStudy\WWW\Wechat\Home\Controller\IndexController.class.php 第 12 行.
NOTIC: [8] Undefined index: signature D:\phpStudy\WWW\Wechat\Home\Controller\IndexController.class.php 第 13 行.
NOTIC: [8] Undefined index: timestamp D:\phpStudy\WWW\Wechat\Home\Controller\IndexController.class.php 第 14 行.
NOTIC: [8] Undefined index: nonce D:\phpStudy\WWW\Wechat\Home\Controller\IndexController.class.php 第 15 行.
NOTIC: [8] Undefined index: HTTP_RAW_POST_DATA D:\phpStudy\WWW\Wechat\Home\Controller\IndexController.class.php 第 126 行.

[ 2017-04-01T11:38:27+08:00 ] ::1 /
INFO: [ app_init ] --START--
INFO: Run Behavior\BuildLiteBehavior [ RunTime:0.000000s ]
INFO: [ app_init ] --END-- [ RunTime:0.001000s ]
INFO: [ app_begin ] --START--
INFO: Run Behavior\ReadHtmlCacheBehavior [ RunTime:0.000000s ]
INFO: [ app_begin ] --END-- [ RunTime:0.000000s ]
NOTIC: [8] Undefined index: echostr D:\phpStudy\WWW\Wechat\Home\Controller\IndexController.class.php 第 12 行.
NOTIC: [8] Undefined index: signature D:\phpStudy\WWW\Wechat\Home\Controller\IndexController.class.php 第 13 行.
NOTIC: [8] Undefined index: timestamp D:\phpStudy\WWW\Wechat\Home\Controller\IndexController.class.php 第 14 行.
NOTIC: [8] Undefined index: nonce D:\phpStudy\WWW\Wechat\Home\Controller\IndexController.class.php 第 15 行.
NOTIC: [8] Undefined index: HTTP_RAW_POST_DATA D:\phpStudy\WWW\Wechat\Home\Controller\IndexController.class.php 第 126 行.

[ 2017-04-01T11:39:27+08:00 ] ::1 /
INFO: [ app_init ] --START--
INFO: Run Behavior\BuildLiteBehavior [ RunTime:0.000000s ]
INFO: [ app_init ] --END-- [ RunTime:0.000000s ]
INFO: [ app_begin ] --START--
INFO: Run Behavior\ReadHtmlCacheBehavior [ RunTime:0.000000s ]
INFO: [ app_begin ] --END-- [ RunTime:0.000000s ]
NOTIC: [8] Undefined index: echostr D:\phpStudy\WWW\Wechat\Home\Controller\IndexController.class.php 第 13 行.
NOTIC: [8] Undefined index: signature D:\phpStudy\WWW\Wechat\Home\Controller\IndexController.class.php 第 14 行.
NOTIC: [8] Undefined index: timestamp D:\phpStudy\WWW\Wechat\Home\Controller\IndexController.class.php 第 15 行.
NOTIC: [8] Undefined index: nonce D:\phpStudy\WWW\Wechat\Home\Controller\IndexController.class.php 第 16 行.
NOTIC: [8] Undefined index: HTTP_RAW_POST_DATA D:\phpStudy\WWW\Wechat\Home\Controller\IndexController.class.php 第 127 行.

[ 2017-04-01T11:56:35+08:00 ] ::1 /
INFO: [ app_init ] --START--
INFO: Run Behavior\BuildLiteBehavior [ RunTime:0.000000s ]
INFO: [ app_init ] --END-- [ RunTime:0.000000s ]
INFO: [ app_begin ] --START--
INFO: Run Behavior\ReadHtmlCacheBehavior [ RunTime:0.001000s ]
INFO: [ app_begin ] --END-- [ RunTime:0.001000s ]
NOTIC: [8] Undefined index: echostr D:\phpStudy\WWW\Wechat\Home\Controller\IndexController.class.php 第 12 行.
NOTIC: [8] Undefined index: signature D:\phpStudy\WWW\Wechat\Home\Controller\IndexController.class.php 第 13 行.
NOTIC: [8] Undefined index: timestamp D:\phpStudy\WWW\Wechat\Home\Controller\IndexController.class.php 第 14 行.
NOTIC: [8] Undefined index: nonce D:\phpStudy\WWW\Wechat\Home\Controller\IndexController.class.php 第 15 行.
NOTIC: [8] Undefined index: HTTP_RAW_POST_DATA D:\phpStudy\WWW\Wechat\Home\Controller\IndexController.class.php 第 126 行.

[ 2017-04-01T11:56:59+08:00 ] ::1 /
INFO: [ app_init ] --START--
INFO: Run Behavior\BuildLiteBehavior [ RunTime:0.000000s ]
INFO: [ app_init ] --END-- [ RunTime:0.001000s ]
INFO: [ app_begin ] --START--
INFO: Run Behavior\ReadHtmlCacheBehavior [ RunTime:0.001000s ]
INFO: [ app_begin ] --END-- [ RunTime:0.001000s ]
NOTIC: [8] Undefined index: echostr D:\phpStudy\WWW\Wechat\Home\Controller\IndexController.class.php 第 12 行.
NOTIC: [8] Undefined index: signature D:\phpStudy\WWW\Wechat\Home\Controller\IndexController.class.php 第 13 行.
NOTIC: [8] Undefined index: timestamp D:\phpStudy\WWW\Wechat\Home\Controller\IndexController.class.php 第 14 行.
NOTIC: [8] Undefined index: nonce D:\phpStudy\WWW\Wechat\Home\Controller\IndexController.class.php 第 15 行.
NOTIC: [8] Undefined index: HTTP_RAW_POST_DATA D:\phpStudy\WWW\Wechat\Home\Controller\IndexController.class.php 第 126 行.

[ 2017-04-01T11:57:00+08:00 ] 127.0.0.1 /index.php
INFO: [ app_init ] --START--
INFO: Run Behavior\BuildLiteBehavior [ RunTime:0.000000s ]
INFO: [ app_init ] --END-- [ RunTime:0.001000s ]
INFO: [ app_begin ] --START--
INFO: Run Behavior\ReadHtmlCacheBehavior [ RunTime:0.001000s ]
INFO: [ app_begin ] --END-- [ RunTime:0.001000s ]
NOTIC: [8] Undefined index: echostr D:\phpStudy\WWW\Wechat\Home\Controller\IndexController.class.php 第 12 行.
NOTIC: [8] Undefined index: signature D:\phpStudy\WWW\Wechat\Home\Controller\IndexController.class.php 第 13 行.
NOTIC: [8] Undefined index: timestamp D:\phpStudy\WWW\Wechat\Home\Controller\IndexController.class.php 第 14 行.
NOTIC: [8] Undefined index: nonce D:\phpStudy\WWW\Wechat\Home\Controller\IndexController.class.php 第 15 行.
NOTIC: [8] Undefined index: HTTP_RAW_POST_DATA D:\phpStudy\WWW\Wechat\Home\Controller\IndexController.class.php 第 126 行.

[ 2017-04-01T14:59:36+08:00 ] ::1 /
INFO: [ app_init ] --START--
INFO: Run Behavior\BuildLiteBehavior [ RunTime:0.000000s ]
INFO: [ app_init ] --END-- [ RunTime:0.000000s ]
INFO: [ app_begin ] --START--
INFO: Run Behavior\ReadHtmlCacheBehavior [ RunTime:0.001000s ]
INFO: [ app_begin ] --END-- [ RunTime:0.001000s ]
NOTIC: [8] Undefined index: echostr D:\phpStudy\WWW\Wechat\Home\Controller\IndexController.class.php 第 12 行.
NOTIC: [8] Undefined index: signature D:\phpStudy\WWW\Wechat\Home\Controller\IndexController.class.php 第 13 行.
NOTIC: [8] Undefined index: timestamp D:\phpStudy\WWW\Wechat\Home\Controller\IndexController.class.php 第 14 行.
NOTIC: [8] Undefined index: nonce D:\phpStudy\WWW\Wechat\Home\Controller\IndexController.class.php 第 15 行.
NOTIC: [8] Undefined index: HTTP_RAW_POST_DATA D:\phpStudy\WWW\Wechat\Home\Controller\IndexController.class.php 第 126 行.

[ 2017-04-01T15:00:31+08:00 ] ::1 /
INFO: [ app_init ] --START--
INFO: Run Behavior\BuildLiteBehavior [ RunTime:0.000000s ]
INFO: [ app_init ] --END-- [ RunTime:0.000000s ]
INFO: [ app_begin ] --START--
INFO: Run Behavior\ReadHtmlCacheBehavior [ RunTime:0.001000s ]
INFO: [ app_begin ] --END-- [ RunTime:0.001000s ]
NOTIC: [8] Undefined index: echostr D:\phpStudy\WWW\Wechat\Home\Controller\IndexController.class.php 第 12 行.
NOTIC: [8] Undefined index: signature D:\phpStudy\WWW\Wechat\Home\Controller\IndexController.class.php 第 13 行.
NOTIC: [8] Undefined index: timestamp D:\phpStudy\WWW\Wechat\Home\Controller\IndexController.class.php 第 14 行.
NOTIC: [8] Undefined index: nonce D:\phpStudy\WWW\Wechat\Home\Controller\IndexController.class.php 第 15 行.
NOTIC: [8] Undefined index: HTTP_RAW_POST_DATA D:\phpStudy\WWW\Wechat\Home\Controller\IndexController.class.php 第 126 行.

[ 2017-04-01T15:00:41+08:00 ] ::1 /
INFO: [ app_init ] --START--
INFO: Run Behavior\BuildLiteBehavior [ RunTime:0.000000s ]
INFO: [ app_init ] --END-- [ RunTime:0.000000s ]
INFO: [ app_begin ] --START--
INFO: Run Behavior\ReadHtmlCacheBehavior [ RunTime:0.001000s ]
INFO: [ app_begin ] --END-- [ RunTime:0.001000s ]
NOTIC: [8] Undefined index: echostr D:\phpStudy\WWW\Wechat\Home\Controller\IndexController.class.php 第 12 行.
NOTIC: [8] Undefined index: signature D:\phpStudy\WWW\Wechat\Home\Controller\IndexController.class.php 第 13 行.
NOTIC: [8] Undefined index: timestamp D:\phpStudy\WWW\Wechat\Home\Controller\IndexController.class.php 第 14 行.
NOTIC: [8] Undefined index: nonce D:\phpStudy\WWW\Wechat\Home\Controller\IndexController.class.php 第 15 行.
NOTIC: [8] Undefined index: HTTP_RAW_POST_DATA D:\phpStudy\WWW\Wechat\Home\Controller\IndexController.class.php 第 126 行.

[ 2017-04-01T15:00:49+08:00 ] ::1 /index.php
INFO: [ app_init ] --START--
INFO: Run Behavior\BuildLiteBehavior [ RunTime:0.000000s ]
INFO: [ app_init ] --END-- [ RunTime:0.000000s ]
INFO: [ app_begin ] --START--
INFO: Run Behavior\ReadHtmlCacheBehavior [ RunTime:0.001000s ]
INFO: [ app_begin ] --END-- [ RunTime:0.001000s ]
NOTIC: [8] Undefined index: echostr D:\phpStudy\WWW\Wechat\Home\Controller\IndexController.class.php 第 12 行.
NOTIC: [8] Undefined index: signature D:\phpStudy\WWW\Wechat\Home\Controller\IndexController.class.php 第 13 行.
NOTIC: [8] Undefined index: timestamp D:\phpStudy\WWW\Wechat\Home\Controller\IndexController.class.php 第 14 行.
NOTIC: [8] Undefined index: nonce D:\phpStudy\WWW\Wechat\Home\Controller\IndexController.class.php 第 15 行.
NOTIC: [8] Undefined index: HTTP_RAW_POST_DATA D:\phpStudy\WWW\Wechat\Home\Controller\IndexController.class.php 第 126 行.

[ 2017-04-01T15:09:52+08:00 ] ::1 /
INFO: [ app_init ] --START--
INFO: Run Behavior\BuildLiteBehavior [ RunTime:0.000000s ]
INFO: [ app_init ] --END-- [ RunTime:0.000000s ]
INFO: [ app_begin ] --START--
INFO: Run Behavior\ReadHtmlCacheBehavior [ RunTime:0.001000s ]
INFO: [ app_begin ] --END-- [ RunTime:0.001000s ]
NOTIC: [8] Undefined index: echostr D:\phpStudy\WWW\Wechat\Home\Controller\IndexController.class.php 第 12 行.
NOTIC: [8] Undefined index: signature D:\phpStudy\WWW\Wechat\Home\Controller\IndexController.class.php 第 13 行.
NOTIC: [8] Undefined index: timestamp D:\phpStudy\WWW\Wechat\Home\Controller\IndexController.class.php 第 14 行.
NOTIC: [8] Undefined index: nonce D:\phpStudy\WWW\Wechat\Home\Controller\IndexController.class.php 第 15 行.
NOTIC: [8] Undefined index: HTTP_RAW_POST_DATA D:\phpStudy\WWW\Wechat\Home\Controller\IndexController.class.php 第 126 行.

[ 2017-04-01T15:12:19+08:00 ] ::1 /
INFO: [ app_init ] --START--
INFO: Run Behavior\BuildLiteBehavior [ RunTime:0.000000s ]
INFO: [ app_init ] --END-- [ RunTime:0.000000s ]
INFO: [ app_begin ] --START--
INFO: Run Behavior\ReadHtmlCacheBehavior [ RunTime:0.000000s ]
INFO: [ app_begin ] --END-- [ RunTime:0.000000s ]
NOTIC: [8] Undefined index: echostr D:\phpStudy\WWW\Wechat\Home\Controller\IndexController.class.php 第 12 行.
NOTIC: [8] Undefined index: signature D:\phpStudy\WWW\Wechat\Home\Controller\IndexController.class.php 第 13 行.
NOTIC: [8] Undefined index: timestamp D:\phpStudy\WWW\Wechat\Home\Controller\IndexController.class.php 第 14 行.
NOTIC: [8] Undefined index: nonce D:\phpStudy\WWW\Wechat\Home\Controller\IndexController.class.php 第 15 行.
NOTIC: [8] Undefined index: HTTP_RAW_POST_DATA D:\phpStudy\WWW\Wechat\Home\Controller\IndexController.class.php 第 126 行.

[ 2017-04-01T15:16:20+08:00 ] ::1 /
INFO: [ app_init ] --START--
INFO: Run Behavior\BuildLiteBehavior [ RunTime:0.000000s ]
INFO: [ app_init ] --END-- [ RunTime:0.001000s ]
INFO: [ app_begin ] --START--
INFO: Run Behavior\ReadHtmlCacheBehavior [ RunTime:0.001000s ]
INFO: [ app_begin ] --END-- [ RunTime:0.001000s ]
NOTIC: [8] Undefined index: echostr D:\phpStudy\WWW\Wechat\Home\Controller\IndexController.class.php 第 12 行.
NOTIC: [8] Undefined index: signature D:\phpStudy\WWW\Wechat\Home\Controller\IndexController.class.php 第 13 行.
NOTIC: [8] Undefined index: timestamp D:\phpStudy\WWW\Wechat\Home\Controller\IndexController.class.php 第 14 行.
NOTIC: [8] Undefined index: nonce D:\phpStudy\WWW\Wechat\Home\Controller\IndexController.class.php 第 15 行.
NOTIC: [8] Undefined index: HTTP_RAW_POST_DATA D:\phpStudy\WWW\Wechat\Home\Controller\IndexController.class.php 第 126 行.

[ 2017-04-01T15:22:17+08:00 ] ::1 /
INFO: [ app_init ] --START--
INFO: Run Behavior\BuildLiteBehavior [ RunTime:0.000000s ]
INFO: [ app_init ] --END-- [ RunTime:0.001000s ]
INFO: [ app_begin ] --START--
INFO: Run Behavior\ReadHtmlCacheBehavior [ RunTime:0.001000s ]
INFO: [ app_begin ] --END-- [ RunTime:0.001000s ]
NOTIC: [8] Undefined index: echostr D:\phpStudy\WWW\Wechat\Home\Controller\IndexController.class.php 第 12 行.
NOTIC: [8] Undefined index: signature D:\phpStudy\WWW\Wechat\Home\Controller\IndexController.class.php 第 13 行.
NOTIC: [8] Undefined index: timestamp D:\phpStudy\WWW\Wechat\Home\Controller\IndexController.class.php 第 14 行.
NOTIC: [8] Undefined index: nonce D:\phpStudy\WWW\Wechat\Home\Controller\IndexController.class.php 第 15 行.
NOTIC: [8] Undefined index: HTTP_RAW_POST_DATA D:\phpStudy\WWW\Wechat\Home\Controller\IndexController.class.php 第 126 行.

[ 2017-04-01T17:26:52+08:00 ] ::1 /
INFO: [ app_init ] --START--
INFO: Run Behavior\BuildLiteBehavior [ RunTime:0.000000s ]
INFO: [ app_init ] --END-- [ RunTime:0.000000s ]
INFO: [ app_begin ] --START--
INFO: Run Behavior\ReadHtmlCacheBehavior [ RunTime:0.001000s ]
INFO: [ app_begin ] --END-- [ RunTime:0.001000s ]
ERR: SQLSTATE[HY000] [1049] Unknown database 'jike'

[ 2017-04-01T17:27:19+08:00 ] ::1 /
INFO: [ app_init ] --START--
INFO: Run Behavior\BuildLiteBehavior [ RunTime:0.000000s ]
INFO: [ app_init ] --END-- [ RunTime:0.000000s ]
INFO: [ app_begin ] --START--
INFO: Run Behavior\ReadHtmlCacheBehavior [ RunTime:0.000000s ]
INFO: [ app_begin ] --END-- [ RunTime:0.000000s ]
SQL: SHOW COLUMNS FROM `wp_admin` [ RunTime:0.0020s ]
SQL: SELECT * FROM `wp_admin`  [ RunTime:0.0000s ]
NOTIC: [8] Undefined index: echostr D:\phpStudy\WWW\Wechat\Home\Controller\IndexController.class.php 第 14 行.
NOTIC: [8] Undefined index: signature D:\phpStudy\WWW\Wechat\Home\Controller\IndexController.class.php 第 15 行.
NOTIC: [8] Undefined index: timestamp D:\phpStudy\WWW\Wechat\Home\Controller\IndexController.class.php 第 16 行.
NOTIC: [8] Undefined index: nonce D:\phpStudy\WWW\Wechat\Home\Controller\IndexController.class.php 第 17 行.
NOTIC: [8] Undefined index: HTTP_RAW_POST_DATA D:\phpStudy\WWW\Wechat\Home\Controller\IndexController.class.php 第 128 行.

[ 2017-04-01T17:28:18+08:00 ] ::1 /
INFO: [ app_init ] --START--
INFO: Run Behavior\BuildLiteBehavior [ RunTime:0.000000s ]
INFO: [ app_init ] --END-- [ RunTime:0.001000s ]
INFO: [ app_begin ] --START--
INFO: Run Behavior\ReadHtmlCacheBehavior [ RunTime:0.002000s ]
INFO: [ app_begin ] --END-- [ RunTime:0.002000s ]
SQL: SHOW COLUMNS FROM `wp_admin` [ RunTime:0.0020s ]
SQL: SELECT * FROM `wp_admin`  [ RunTime:0.0000s ]
NOTIC: [2] json_decode() expects parameter 1 to be string, array given D:\phpStudy\WWW\Wechat\Home\Controller\IndexController.class.php 第 13 行.
NOTIC: [8] Undefined index: echostr D:\phpStudy\WWW\Wechat\Home\Controller\IndexController.class.php 第 17 行.
NOTIC: [8] Undefined index: signature D:\phpStudy\WWW\Wechat\Home\Controller\IndexController.class.php 第 18 行.
NOTIC: [8] Undefined index: timestamp D:\phpStudy\WWW\Wechat\Home\Controller\IndexController.class.php 第 19 行.
NOTIC: [8] Undefined index: nonce D:\phpStudy\WWW\Wechat\Home\Controller\IndexController.class.php 第 20 行.
NOTIC: [8] Undefined index: HTTP_RAW_POST_DATA D:\phpStudy\WWW\Wechat\Home\Controller\IndexController.class.php 第 131 行.

[ 2017-04-01T17:28:30+08:00 ] ::1 /
INFO: [ app_init ] --START--
INFO: Run Behavior\BuildLiteBehavior [ RunTime:0.000000s ]
INFO: [ app_init ] --END-- [ RunTime:0.001000s ]
INFO: [ app_begin ] --START--
INFO: Run Behavior\ReadHtmlCacheBehavior [ RunTime:0.002000s ]
INFO: [ app_begin ] --END-- [ RunTime:0.002000s ]
SQL: SHOW COLUMNS FROM `wp_admin` [ RunTime:0.0020s ]
SQL: SELECT * FROM `wp_admin`  [ RunTime:0.0010s ]
NOTIC: [8] Undefined index: echostr D:\phpStudy\WWW\Wechat\Home\Controller\IndexController.class.php 第 17 行.
NOTIC: [8] Undefined index: signature D:\phpStudy\WWW\Wechat\Home\Controller\IndexController.class.php 第 18 行.
NOTIC: [8] Undefined index: timestamp D:\phpStudy\WWW\Wechat\Home\Controller\IndexController.class.php 第 19 行.
NOTIC: [8] Undefined index: nonce D:\phpStudy\WWW\Wechat\Home\Controller\IndexController.class.php 第 20 行.
NOTIC: [8] Undefined index: HTTP_RAW_POST_DATA D:\phpStudy\WWW\Wechat\Home\Controller\IndexController.class.php 第 131 行.

[ 2017-04-01T17:28:53+08:00 ] ::1 /
INFO: [ app_init ] --START--
INFO: Run Behavior\BuildLiteBehavior [ RunTime:0.000000s ]
INFO: [ app_init ] --END-- [ RunTime:0.000000s ]
INFO: [ app_begin ] --START--
INFO: Run Behavior\ReadHtmlCacheBehavior [ RunTime:0.002000s ]
INFO: [ app_begin ] --END-- [ RunTime:0.002000s ]
SQL: SHOW COLUMNS FROM `wp_admin` [ RunTime:0.0020s ]
SQL: SELECT * FROM `wp_admin`  [ RunTime:0.0000s ]
NOTIC: [2] Illegal string offset 'name' D:\phpStudy\WWW\Wechat\Home\Controller\IndexController.class.php 第 14 行.
NOTIC: [8] Undefined index: echostr D:\phpStudy\WWW\Wechat\Home\Controller\IndexController.class.php 第 17 行.
NOTIC: [8] Undefined index: signature D:\phpStudy\WWW\Wechat\Home\Controller\IndexController.class.php 第 18 行.
NOTIC: [8] Undefined index: timestamp D:\phpStudy\WWW\Wechat\Home\Controller\IndexController.class.php 第 19 行.
NOTIC: [8] Undefined index: nonce D:\phpStudy\WWW\Wechat\Home\Controller\IndexController.class.php 第 20 行.
NOTIC: [8] Undefined index: HTTP_RAW_POST_DATA D:\phpStudy\WWW\Wechat\Home\Controller\IndexController.class.php 第 131 行.

[ 2017-04-01T17:29:49+08:00 ] ::1 /
INFO: [ app_init ] --START--
INFO: Run Behavior\BuildLiteBehavior [ RunTime:0.000000s ]
INFO: [ app_init ] --END-- [ RunTime:0.001000s ]
INFO: [ app_begin ] --START--
INFO: Run Behavior\ReadHtmlCacheBehavior [ RunTime:0.002000s ]
INFO: [ app_begin ] --END-- [ RunTime:0.002000s ]
SQL: SHOW COLUMNS FROM `wp_admin` [ RunTime:0.0020s ]
SQL: SELECT * FROM `wp_admin`  [ RunTime:0.0000s ]
NOTIC: [8] Undefined index: echostr D:\phpStudy\WWW\Wechat\Home\Controller\IndexController.class.php 第 16 行.
NOTIC: [8] Undefined index: signature D:\phpStudy\WWW\Wechat\Home\Controller\IndexController.class.php 第 17 行.
NOTIC: [8] Undefined index: timestamp D:\phpStudy\WWW\Wechat\Home\Controller\IndexController.class.php 第 18 行.
NOTIC: [8] Undefined index: nonce D:\phpStudy\WWW\Wechat\Home\Controller\IndexController.class.php 第 19 行.
NOTIC: [8] Undefined index: HTTP_RAW_POST_DATA D:\phpStudy\WWW\Wechat\Home\Controller\IndexController.class.php 第 130 行.

[ 2017-04-01T17:30:29+08:00 ] ::1 /
INFO: [ app_init ] --START--
INFO: Run Behavior\BuildLiteBehavior [ RunTime:0.000000s ]
INFO: [ app_init ] --END-- [ RunTime:0.001000s ]
INFO: [ app_begin ] --START--
INFO: Run Behavior\ReadHtmlCacheBehavior [ RunTime:0.002000s ]
INFO: [ app_begin ] --END-- [ RunTime:0.002000s ]
SQL: SHOW COLUMNS FROM `wp_admin` [ RunTime:0.0030s ]
SQL: SELECT * FROM `wp_admin`  [ RunTime:0.0010s ]
NOTIC: [8] Undefined index: echostr D:\phpStudy\WWW\Wechat\Home\Controller\IndexController.class.php 第 16 行.
NOTIC: [8] Undefined index: signature D:\phpStudy\WWW\Wechat\Home\Controller\IndexController.class.php 第 17 行.
NOTIC: [8] Undefined index: timestamp D:\phpStudy\WWW\Wechat\Home\Controller\IndexController.class.php 第 18 行.
NOTIC: [8] Undefined index: nonce D:\phpStudy\WWW\Wechat\Home\Controller\IndexController.class.php 第 19 行.
NOTIC: [8] Undefined index: HTTP_RAW_POST_DATA D:\phpStudy\WWW\Wechat\Home\Controller\IndexController.class.php 第 130 行.

