[ 2017-04-17T09:25:35+08:00 ] 127.0.0.1 /Wechat/index.php?signature=9f37148e2ac16183cad65ae2f123cfbc1ce81a7b&timestamp=1492392336&nonce=171224133&openid=oC_AjuGs-Zk1dXSXIp-XWrXZZQYE
INFO: [ app_init ] --START--
INFO: Run Behavior\BuildLiteBehavior [ RunTime:0.000000s ]
INFO: [ app_init ] --END-- [ RunTime:0.004000s ]
INFO: [ app_begin ] --START--
INFO: Run Behavior\ReadHtmlCacheBehavior [ RunTime:0.003000s ]
INFO: [ app_begin ] --END-- [ RunTime:0.003000s ]
NOTIC: [8] Undefined index: echostr D:\phpStudy\WWW\Wechat\Wechat\Home\Controller\IndexController.class.php 第 17 行.
INFO: [ app_end ] --START--
INFO: Run Behavior\ShowPageTraceBehavior [ RunTime:0.002000s ]
INFO: [ app_end ] --END-- [ RunTime:0.003000s ]

[ 2017-04-17T09:25:46+08:00 ] 127.0.0.1 /Wechat/index.php?signature=94bc7c1a02619f2b1fceedadc2fd7ad7693961e5&timestamp=1492392348&nonce=705541281&openid=oC_AjuGs-Zk1dXSXIp-XWrXZZQYE
INFO: [ app_init ] --START--
INFO: Run Behavior\BuildLiteBehavior [ RunTime:0.000000s ]
INFO: [ app_init ] --END-- [ RunTime:0.000000s ]
INFO: [ app_begin ] --START--
INFO: Run Behavior\ReadHtmlCacheBehavior [ RunTime:0.002000s ]
INFO: [ app_begin ] --END-- [ RunTime:0.002000s ]
NOTIC: [8] Undefined index: echostr D:\phpStudy\WWW\Wechat\Wechat\Home\Controller\IndexController.class.php 第 17 行.
INFO: [ app_end ] --START--
INFO: Run Behavior\ShowPageTraceBehavior [ RunTime:0.001000s ]
INFO: [ app_end ] --END-- [ RunTime:0.001000s ]

[ 2017-04-17T09:25:49+08:00 ] 127.0.0.1 /Wechat/index.php
INFO: [ app_init ] --START--
INFO: Run Behavior\BuildLiteBehavior [ RunTime:0.000000s ]
INFO: [ app_init ] --END-- [ RunTime:0.001000s ]
INFO: [ app_begin ] --START--
INFO: Run Behavior\ReadHtmlCacheBehavior [ RunTime:0.001000s ]
INFO: [ app_begin ] --END-- [ RunTime:0.001000s ]
NOTIC: [8] Undefined index: echostr D:\phpStudy\WWW\Wechat\Wechat\Home\Controller\IndexController.class.php 第 17 行.
NOTIC: [8] Undefined index: signature D:\phpStudy\WWW\Wechat\Wechat\Home\Controller\IndexController.class.php 第 18 行.
NOTIC: [8] Undefined index: timestamp D:\phpStudy\WWW\Wechat\Wechat\Home\Controller\IndexController.class.php 第 19 行.
NOTIC: [8] Undefined index: nonce D:\phpStudy\WWW\Wechat\Wechat\Home\Controller\IndexController.class.php 第 20 行.
NOTIC: [8] Undefined index: HTTP_RAW_POST_DATA D:\phpStudy\WWW\Wechat\Wechat\Home\Controller\IndexController.class.php 第 192 行.

[ 2017-04-17T09:25:51+08:00 ] 127.0.0.1 /Wechat/index.php?signature=9a0a263ada039c4c954ec83ba9b7f31fc20dbaf6&timestamp=1492392352&nonce=1972534564&openid=oC_AjuGs-Zk1dXSXIp-XWrXZZQYE
INFO: [ app_init ] --START--
INFO: Run Behavior\BuildLiteBehavior [ RunTime:0.000000s ]
INFO: [ app_init ] --END-- [ RunTime:0.000000s ]
INFO: [ app_begin ] --START--
INFO: Run Behavior\ReadHtmlCacheBehavior [ RunTime:0.001000s ]
INFO: [ app_begin ] --END-- [ RunTime:0.001000s ]
NOTIC: [8] Undefined index: echostr D:\phpStudy\WWW\Wechat\Wechat\Home\Controller\IndexController.class.php 第 17 行.
INFO: [ app_end ] --START--
INFO: Run Behavior\ShowPageTraceBehavior [ RunTime:0.001000s ]
INFO: [ app_end ] --END-- [ RunTime:0.001000s ]

[ 2017-04-17T09:26:41+08:00 ] 127.0.0.1 /Wechat/index.php?signature=05b6a6333c5693b77e7c9255a4619a18beb1a016&timestamp=1492392402&nonce=580715848&openid=oC_AjuGs-Zk1dXSXIp-XWrXZZQYE
INFO: [ app_init ] --START--
INFO: Run Behavior\BuildLiteBehavior [ RunTime:0.000000s ]
INFO: [ app_init ] --END-- [ RunTime:0.001000s ]
INFO: [ app_begin ] --START--
INFO: Run Behavior\ReadHtmlCacheBehavior [ RunTime:0.001000s ]
INFO: [ app_begin ] --END-- [ RunTime:0.001000s ]
NOTIC: [8] Undefined index: echostr D:\phpStudy\WWW\Wechat\Wechat\Home\Controller\IndexController.class.php 第 17 行.
INFO: [ app_end ] --START--
INFO: Run Behavior\ShowPageTraceBehavior [ RunTime:0.001000s ]
INFO: [ app_end ] --END-- [ RunTime:0.001000s ]

[ 2017-04-17T09:50:03+08:00 ] 127.0.0.1 /Wechat/index.php?signature=267d1d93c7b13e3ae1121456abe6dcc09857a14d&timestamp=1492393804&nonce=641949349&openid=oC_AjuGs-Zk1dXSXIp-XWrXZZQYE
INFO: [ app_init ] --START--
INFO: Run Behavior\BuildLiteBehavior [ RunTime:0.000000s ]
INFO: [ app_init ] --END-- [ RunTime:0.001000s ]
INFO: [ app_begin ] --START--
INFO: Run Behavior\ReadHtmlCacheBehavior [ RunTime:0.002000s ]
INFO: [ app_begin ] --END-- [ RunTime:0.002000s ]
NOTIC: [8] Undefined index: echostr D:\phpStudy\WWW\Wechat\Wechat\Home\Controller\IndexController.class.php 第 17 行.
INFO: [ app_end ] --START--
INFO: Run Behavior\ShowPageTraceBehavior [ RunTime:0.001000s ]
INFO: [ app_end ] --END-- [ RunTime:0.002000s ]

[ 2017-04-17T10:38:20+08:00 ] 127.0.0.1 /Wechat/
INFO: [ app_init ] --START--
INFO: Run Behavior\BuildLiteBehavior [ RunTime:0.000000s ]
INFO: [ app_init ] --END-- [ RunTime:0.001000s ]
INFO: [ app_begin ] --START--
INFO: Run Behavior\ReadHtmlCacheBehavior [ RunTime:0.001000s ]
INFO: [ app_begin ] --END-- [ RunTime:0.001000s ]
NOTIC: [8] Undefined index: echostr D:\phpStudy\WWW\Wechat\Wechat\Home\Controller\IndexController.class.php 第 17 行.
NOTIC: [8] Undefined index: signature D:\phpStudy\WWW\Wechat\Wechat\Home\Controller\IndexController.class.php 第 18 行.
NOTIC: [8] Undefined index: timestamp D:\phpStudy\WWW\Wechat\Wechat\Home\Controller\IndexController.class.php 第 19 行.
NOTIC: [8] Undefined index: nonce D:\phpStudy\WWW\Wechat\Wechat\Home\Controller\IndexController.class.php 第 20 行.
NOTIC: [8] Undefined index: HTTP_RAW_POST_DATA D:\phpStudy\WWW\Wechat\Wechat\Home\Controller\IndexController.class.php 第 192 行.

[ 2017-04-17T10:52:52+08:00 ] 127.0.0.1 /Wechat/index.php?signature=435d5c938106fd2cbfbf95801b5bd6ea79c983be&timestamp=1492397574&nonce=700927208&openid=oC_AjuGs-Zk1dXSXIp-XWrXZZQYE
INFO: [ app_init ] --START--
INFO: Run Behavior\BuildLiteBehavior [ RunTime:0.000000s ]
INFO: [ app_init ] --END-- [ RunTime:0.001000s ]
INFO: [ app_begin ] --START--
INFO: Run Behavior\ReadHtmlCacheBehavior [ RunTime:0.001000s ]
INFO: [ app_begin ] --END-- [ RunTime:0.001000s ]
NOTIC: [8] Undefined index: echostr D:\phpStudy\WWW\Wechat\Wechat\Home\Controller\IndexController.class.php 第 17 行.
INFO: [ app_end ] --START--
INFO: Run Behavior\ShowPageTraceBehavior [ RunTime:0.001000s ]
INFO: [ app_end ] --END-- [ RunTime:0.001000s ]

[ 2017-04-17T11:08:52+08:00 ] 127.0.0.1 /Wechat/index.php?signature=195247fccc641488c83830faff5e77fb1e3918a6&timestamp=1492398534&nonce=1738677984&openid=oC_AjuGs-Zk1dXSXIp-XWrXZZQYE
INFO: [ app_init ] --START--
INFO: Run Behavior\BuildLiteBehavior [ RunTime:0.000000s ]
INFO: [ app_init ] --END-- [ RunTime:0.001000s ]
INFO: [ app_begin ] --START--
INFO: Run Behavior\ReadHtmlCacheBehavior [ RunTime:0.001000s ]
INFO: [ app_begin ] --END-- [ RunTime:0.001000s ]
NOTIC: [8] Undefined index: echostr D:\phpStudy\WWW\Wechat\Wechat\Home\Controller\IndexController.class.php 第 17 行.
INFO: [ app_end ] --START--
INFO: Run Behavior\ShowPageTraceBehavior [ RunTime:0.001000s ]
INFO: [ app_end ] --END-- [ RunTime:0.001000s ]

[ 2017-04-17T11:09:06+08:00 ] 127.0.0.1 /Wechat/index.php?signature=d841eb70e1f7e9655fc931d82afda7a893a326ac&timestamp=1492398548&nonce=462396662&openid=oC_AjuGs-Zk1dXSXIp-XWrXZZQYE
INFO: [ app_init ] --START--
INFO: Run Behavior\BuildLiteBehavior [ RunTime:0.000000s ]
INFO: [ app_init ] --END-- [ RunTime:0.001000s ]
INFO: [ app_begin ] --START--
INFO: Run Behavior\ReadHtmlCacheBehavior [ RunTime:0.000000s ]
INFO: [ app_begin ] --END-- [ RunTime:0.000000s ]
NOTIC: [8] Undefined index: echostr D:\phpStudy\WWW\Wechat\Wechat\Home\Controller\IndexController.class.php 第 17 行.
INFO: [ app_end ] --START--
INFO: Run Behavior\ShowPageTraceBehavior [ RunTime:0.001000s ]
INFO: [ app_end ] --END-- [ RunTime:0.001000s ]

[ 2017-04-17T11:11:04+08:00 ] 127.0.0.1 /Wechat/index.php?signature=2e5f0e63410ef197a8095ec51a5ee351efe37c77&timestamp=1492398666&nonce=667338202&openid=oC_AjuGs-Zk1dXSXIp-XWrXZZQYE
INFO: [ app_init ] --START--
INFO: Run Behavior\BuildLiteBehavior [ RunTime:0.000000s ]
INFO: [ app_init ] --END-- [ RunTime:0.001000s ]
INFO: [ app_begin ] --START--
INFO: Run Behavior\ReadHtmlCacheBehavior [ RunTime:0.002000s ]
INFO: [ app_begin ] --END-- [ RunTime:0.002000s ]
NOTIC: [8] Undefined index: echostr D:\phpStudy\WWW\Wechat\Wechat\Home\Controller\IndexController.class.php 第 17 行.
INFO: [ app_end ] --START--
INFO: Run Behavior\ShowPageTraceBehavior [ RunTime:0.002000s ]
INFO: [ app_end ] --END-- [ RunTime:0.002000s ]

[ 2017-04-17T11:22:58+08:00 ] 127.0.0.1 /Wechat/index.php?signature=637eb2b281195d090cc2f106c57b7bdff2e10e96&timestamp=1492399379&nonce=364285390&openid=oC_AjuGs-Zk1dXSXIp-XWrXZZQYE
INFO: [ app_init ] --START--
INFO: Run Behavior\BuildLiteBehavior [ RunTime:0.000000s ]
INFO: [ app_init ] --END-- [ RunTime:0.000000s ]
INFO: [ app_begin ] --START--
INFO: Run Behavior\ReadHtmlCacheBehavior [ RunTime:0.001000s ]
INFO: [ app_begin ] --END-- [ RunTime:0.001000s ]
NOTIC: [8] Undefined index: echostr D:\phpStudy\WWW\Wechat\Wechat\Home\Controller\IndexController.class.php 第 17 行.
INFO: [ app_end ] --START--
INFO: Run Behavior\ShowPageTraceBehavior [ RunTime:0.002000s ]
INFO: [ app_end ] --END-- [ RunTime:0.002000s ]

[ 2017-04-17T13:37:01+08:00 ] 127.0.0.1 /Wechat/index.php?signature=f95ba5520b9bfa57a3393bd592351e0bf3d69512&timestamp=1492407422&nonce=110342308&openid=oC_AjuGs-Zk1dXSXIp-XWrXZZQYE
INFO: [ app_init ] --START--
INFO: Run Behavior\BuildLiteBehavior [ RunTime:0.000000s ]
INFO: [ app_init ] --END-- [ RunTime:0.000000s ]
INFO: [ app_begin ] --START--
INFO: Run Behavior\ReadHtmlCacheBehavior [ RunTime:0.001000s ]
INFO: [ app_begin ] --END-- [ RunTime:0.001000s ]
NOTIC: [8] Undefined index: echostr D:\phpStudy\WWW\Wechat\Wechat\Home\Controller\IndexController.class.php 第 17 行.
INFO: [ app_end ] --START--
INFO: Run Behavior\ShowPageTraceBehavior [ RunTime:0.001000s ]
INFO: [ app_end ] --END-- [ RunTime:0.001000s ]

[ 2017-04-17T13:53:56+08:00 ] 127.0.0.1 /Wechat/index.php?signature=d7dd0c3a5a3e8533d4a319daccfe2e190897cdb6&timestamp=1492408437&nonce=1025810159&openid=oC_AjuGs-Zk1dXSXIp-XWrXZZQYE
INFO: [ app_init ] --START--
INFO: Run Behavior\BuildLiteBehavior [ RunTime:0.000000s ]
INFO: [ app_init ] --END-- [ RunTime:0.001000s ]
INFO: [ app_begin ] --START--
INFO: Run Behavior\ReadHtmlCacheBehavior [ RunTime:0.001000s ]
INFO: [ app_begin ] --END-- [ RunTime:0.001000s ]
NOTIC: [8] Undefined index: echostr D:\phpStudy\WWW\Wechat\Wechat\Home\Controller\IndexController.class.php 第 17 行.
INFO: [ app_end ] --START--
INFO: Run Behavior\ShowPageTraceBehavior [ RunTime:0.001000s ]
INFO: [ app_end ] --END-- [ RunTime:0.001000s ]

[ 2017-04-17T14:59:17+08:00 ] 127.0.0.1 /Wechat/index.php?signature=916e57dbf7958d0c3dc6b2ed30d633371915095c&timestamp=1492412358&nonce=1811758678&openid=oC_AjuGs-Zk1dXSXIp-XWrXZZQYE
INFO: [ app_init ] --START--
INFO: Run Behavior\BuildLiteBehavior [ RunTime:0.000000s ]
INFO: [ app_init ] --END-- [ RunTime:0.001000s ]
INFO: [ app_begin ] --START--
INFO: Run Behavior\ReadHtmlCacheBehavior [ RunTime:0.001000s ]
INFO: [ app_begin ] --END-- [ RunTime:0.001000s ]
NOTIC: [8] Undefined index: echostr D:\phpStudy\WWW\Wechat\Wechat\Home\Controller\IndexController.class.php 第 17 行.
INFO: [ app_end ] --START--
INFO: Run Behavior\ShowPageTraceBehavior [ RunTime:0.001000s ]
INFO: [ app_end ] --END-- [ RunTime:0.001000s ]

[ 2017-04-17T14:59:45+08:00 ] 127.0.0.1 /Wechat/index.php?signature=6cec5a42edda2936f71e1805f4566f606eb78a93&timestamp=1492412387&nonce=1216324392&openid=oC_AjuGs-Zk1dXSXIp-XWrXZZQYE
INFO: [ app_init ] --START--
INFO: Run Behavior\BuildLiteBehavior [ RunTime:0.000000s ]
INFO: [ app_init ] --END-- [ RunTime:0.002000s ]
INFO: [ app_begin ] --START--
INFO: Run Behavior\ReadHtmlCacheBehavior [ RunTime:0.002000s ]
INFO: [ app_begin ] --END-- [ RunTime:0.002000s ]
NOTIC: [8] Undefined index: echostr D:\phpStudy\WWW\Wechat\Wechat\Home\Controller\IndexController.class.php 第 17 行.
INFO: [ app_end ] --START--
INFO: Run Behavior\ShowPageTraceBehavior [ RunTime:0.001000s ]
INFO: [ app_end ] --END-- [ RunTime:0.001000s ]

[ 2017-04-17T15:29:29+08:00 ] 127.0.0.1 /Wechat/index.php?signature=75dde55eff7b658339d6520df451f9e8cead4105&timestamp=1492414170&nonce=1238010259&openid=oC_AjuGs-Zk1dXSXIp-XWrXZZQYE
INFO: [ app_init ] --START--
INFO: Run Behavior\BuildLiteBehavior [ RunTime:0.000000s ]
INFO: [ app_init ] --END-- [ RunTime:0.001000s ]
INFO: [ app_begin ] --START--
INFO: Run Behavior\ReadHtmlCacheBehavior [ RunTime:0.001000s ]
INFO: [ app_begin ] --END-- [ RunTime:0.001000s ]
NOTIC: [8] Undefined index: echostr D:\phpStudy\WWW\Wechat\Wechat\Home\Controller\IndexController.class.php 第 17 行.
INFO: [ app_end ] --START--
INFO: Run Behavior\ShowPageTraceBehavior [ RunTime:0.000000s ]
INFO: [ app_end ] --END-- [ RunTime:0.000000s ]

[ 2017-04-17T15:29:45+08:00 ] 127.0.0.1 /Wechat/index.php?signature=1032a0e8cdc0466dbfd483063a42c96d5f5d5dee&timestamp=1492414187&nonce=62666129&openid=oC_AjuGs-Zk1dXSXIp-XWrXZZQYE
INFO: [ app_init ] --START--
INFO: Run Behavior\BuildLiteBehavior [ RunTime:0.000000s ]
INFO: [ app_init ] --END-- [ RunTime:0.000000s ]
INFO: [ app_begin ] --START--
INFO: Run Behavior\ReadHtmlCacheBehavior [ RunTime:0.001000s ]
INFO: [ app_begin ] --END-- [ RunTime:0.001000s ]
NOTIC: [8] Undefined index: echostr D:\phpStudy\WWW\Wechat\Wechat\Home\Controller\IndexController.class.php 第 17 行.
INFO: [ app_end ] --START--
INFO: Run Behavior\ShowPageTraceBehavior [ RunTime:0.001000s ]
INFO: [ app_end ] --END-- [ RunTime:0.001000s ]

[ 2017-04-17T15:29:46+08:00 ] 127.0.0.1 /Wechat/index.php?signature=ead92ed9208619be3bb71cda90c4735a669d285a&timestamp=1492414187&nonce=1144518513&openid=oC_AjuGs-Zk1dXSXIp-XWrXZZQYE
INFO: [ app_init ] --START--
INFO: Run Behavior\BuildLiteBehavior [ RunTime:0.000000s ]
INFO: [ app_init ] --END-- [ RunTime:0.001000s ]
INFO: [ app_begin ] --START--
INFO: Run Behavior\ReadHtmlCacheBehavior [ RunTime:0.001000s ]
INFO: [ app_begin ] --END-- [ RunTime:0.001000s ]
NOTIC: [8] Undefined index: echostr D:\phpStudy\WWW\Wechat\Wechat\Home\Controller\IndexController.class.php 第 17 行.
INFO: [ app_end ] --START--
INFO: Run Behavior\ShowPageTraceBehavior [ RunTime:0.002000s ]
INFO: [ app_end ] --END-- [ RunTime:0.002000s ]

[ 2017-04-17T15:40:24+08:00 ] 127.0.0.1 /Wechat/index.php?signature=593215264b9c28577641a064806db474cdf2d757&timestamp=1492414825&nonce=1502909633&openid=oC_AjuGs-Zk1dXSXIp-XWrXZZQYE
INFO: [ app_init ] --START--
INFO: Run Behavior\BuildLiteBehavior [ RunTime:0.000000s ]
INFO: [ app_init ] --END-- [ RunTime:0.001000s ]
INFO: [ app_begin ] --START--
INFO: Run Behavior\ReadHtmlCacheBehavior [ RunTime:0.001000s ]
INFO: [ app_begin ] --END-- [ RunTime:0.001000s ]
NOTIC: [8] Undefined index: echostr D:\phpStudy\WWW\Wechat\Wechat\Home\Controller\IndexController.class.php 第 17 行.
INFO: [ app_end ] --START--
INFO: Run Behavior\ShowPageTraceBehavior [ RunTime:0.001000s ]
INFO: [ app_end ] --END-- [ RunTime:0.001000s ]

[ 2017-04-17T15:49:08+08:00 ] 127.0.0.1 /Wechat/index.php?signature=a116a6526f53fe25ea784bf0f37b444bb4150c34&timestamp=1492415348&nonce=646147701&openid=oC_AjuGs-Zk1dXSXIp-XWrXZZQYE
INFO: [ app_init ] --START--
INFO: Run Behavior\BuildLiteBehavior [ RunTime:0.000000s ]
INFO: [ app_init ] --END-- [ RunTime:0.001000s ]
INFO: [ app_begin ] --START--
INFO: Run Behavior\ReadHtmlCacheBehavior [ RunTime:0.001000s ]
INFO: [ app_begin ] --END-- [ RunTime:0.001000s ]
NOTIC: [8] Undefined index: echostr D:\phpStudy\WWW\Wechat\Wechat\Home\Controller\IndexController.class.php 第 17 行.
INFO: [ app_end ] --START--
INFO: Run Behavior\ShowPageTraceBehavior [ RunTime:0.002000s ]
INFO: [ app_end ] --END-- [ RunTime:0.002000s ]

[ 2017-04-17T15:53:40+08:00 ] 127.0.0.1 /Wechat/index.php?signature=a34512ff31f76cca07d8e4cfee1e86c9e6515318&timestamp=1492415620&nonce=1386957946&openid=oC_AjuGs-Zk1dXSXIp-XWrXZZQYE
INFO: [ app_init ] --START--
INFO: Run Behavior\BuildLiteBehavior [ RunTime:0.000000s ]
INFO: [ app_init ] --END-- [ RunTime:0.000000s ]
INFO: [ app_begin ] --START--
INFO: Run Behavior\ReadHtmlCacheBehavior [ RunTime:0.001000s ]
INFO: [ app_begin ] --END-- [ RunTime:0.001000s ]
NOTIC: [8] Undefined index: echostr D:\phpStudy\WWW\Wechat\Wechat\Home\Controller\IndexController.class.php 第 17 行.
INFO: [ app_end ] --START--
INFO: Run Behavior\ShowPageTraceBehavior [ RunTime:0.001000s ]
INFO: [ app_end ] --END-- [ RunTime:0.001000s ]

[ 2017-04-17T15:56:07+08:00 ] 127.0.0.1 /Wechat/index.php?signature=d1c0dca34ac089b246e9b0fce21a3f0ccc878e83&timestamp=1492415768&nonce=1813522378&openid=oC_AjuGs-Zk1dXSXIp-XWrXZZQYE
INFO: [ app_init ] --START--
INFO: Run Behavior\BuildLiteBehavior [ RunTime:0.000000s ]
INFO: [ app_init ] --END-- [ RunTime:0.001000s ]
INFO: [ app_begin ] --START--
INFO: Run Behavior\ReadHtmlCacheBehavior [ RunTime:0.001000s ]
INFO: [ app_begin ] --END-- [ RunTime:0.001000s ]
NOTIC: [8] Undefined index: echostr D:\phpStudy\WWW\Wechat\Wechat\Home\Controller\IndexController.class.php 第 17 行.
INFO: [ app_end ] --START--
INFO: Run Behavior\ShowPageTraceBehavior [ RunTime:0.001000s ]
INFO: [ app_end ] --END-- [ RunTime:0.001000s ]

[ 2017-04-17T16:06:57+08:00 ] 127.0.0.1 /Wechat/index.php?signature=a6b06a56a31e3fecaeda5dfdb3572edf8c2cae6b&timestamp=1492416418&nonce=1578295323&openid=oC_AjuGs-Zk1dXSXIp-XWrXZZQYE
INFO: [ app_init ] --START--
INFO: Run Behavior\BuildLiteBehavior [ RunTime:0.000000s ]
INFO: [ app_init ] --END-- [ RunTime:0.001000s ]
INFO: [ app_begin ] --START--
INFO: Run Behavior\ReadHtmlCacheBehavior [ RunTime:0.001000s ]
INFO: [ app_begin ] --END-- [ RunTime:0.001000s ]
NOTIC: [8] Undefined index: echostr D:\phpStudy\WWW\Wechat\Wechat\Home\Controller\IndexController.class.php 第 17 行.
INFO: [ app_end ] --START--
INFO: Run Behavior\ShowPageTraceBehavior [ RunTime:0.001000s ]
INFO: [ app_end ] --END-- [ RunTime:0.001000s ]

[ 2017-04-17T16:06:58+08:00 ] 127.0.0.1 /Wechat/index.php?signature=2e27c34e210a86f704035e7a3a7b1b59a2ed6638&timestamp=1492416418&nonce=1200272424&openid=oC_AjuGs-Zk1dXSXIp-XWrXZZQYE
INFO: [ app_init ] --START--
INFO: Run Behavior\BuildLiteBehavior [ RunTime:0.000000s ]
INFO: [ app_init ] --END-- [ RunTime:0.001000s ]
INFO: [ app_begin ] --START--
INFO: Run Behavior\ReadHtmlCacheBehavior [ RunTime:0.001000s ]
INFO: [ app_begin ] --END-- [ RunTime:0.001000s ]
NOTIC: [8] Undefined index: echostr D:\phpStudy\WWW\Wechat\Wechat\Home\Controller\IndexController.class.php 第 17 行.
INFO: [ app_end ] --START--
INFO: Run Behavior\ShowPageTraceBehavior [ RunTime:0.002000s ]
INFO: [ app_end ] --END-- [ RunTime:0.002000s ]

[ 2017-04-17T16:14:22+08:00 ] 127.0.0.1 /Wechat/index.php?signature=8d73dc9890c53985296eaf6f55e0795e49fe484a&timestamp=1492416862&nonce=1144491786&openid=oC_AjuGs-Zk1dXSXIp-XWrXZZQYE
INFO: [ app_init ] --START--
INFO: Run Behavior\BuildLiteBehavior [ RunTime:0.000000s ]
INFO: [ app_init ] --END-- [ RunTime:0.000000s ]
INFO: [ app_begin ] --START--
INFO: Run Behavior\ReadHtmlCacheBehavior [ RunTime:0.001000s ]
INFO: [ app_begin ] --END-- [ RunTime:0.001000s ]
NOTIC: [8] Undefined index: echostr D:\phpStudy\WWW\Wechat\Wechat\Home\Controller\IndexController.class.php 第 17 行.
INFO: [ app_end ] --START--
INFO: Run Behavior\ShowPageTraceBehavior [ RunTime:0.001000s ]
INFO: [ app_end ] --END-- [ RunTime:0.001000s ]

[ 2017-04-17T16:14:23+08:00 ] 127.0.0.1 /Wechat/index.php
INFO: [ app_init ] --START--
INFO: Run Behavior\BuildLiteBehavior [ RunTime:0.000000s ]
INFO: [ app_init ] --END-- [ RunTime:0.001000s ]
INFO: [ app_begin ] --START--
INFO: Run Behavior\ReadHtmlCacheBehavior [ RunTime:0.001000s ]
INFO: [ app_begin ] --END-- [ RunTime:0.001000s ]
NOTIC: [8] Undefined index: echostr D:\phpStudy\WWW\Wechat\Wechat\Home\Controller\IndexController.class.php 第 17 行.
NOTIC: [8] Undefined index: signature D:\phpStudy\WWW\Wechat\Wechat\Home\Controller\IndexController.class.php 第 18 行.
NOTIC: [8] Undefined index: timestamp D:\phpStudy\WWW\Wechat\Wechat\Home\Controller\IndexController.class.php 第 19 行.
NOTIC: [8] Undefined index: nonce D:\phpStudy\WWW\Wechat\Wechat\Home\Controller\IndexController.class.php 第 20 行.
NOTIC: [8] Undefined index: HTTP_RAW_POST_DATA D:\phpStudy\WWW\Wechat\Wechat\Home\Controller\IndexController.class.php 第 192 行.

[ 2017-04-17T16:16:12+08:00 ] 127.0.0.1 /Wechat/index.php?signature=2be4f611dc567c9e03759ac55164dfd894b95f51&timestamp=1492416973&nonce=1907465452&openid=oC_AjuGs-Zk1dXSXIp-XWrXZZQYE
INFO: [ app_init ] --START--
INFO: Run Behavior\BuildLiteBehavior [ RunTime:0.000000s ]
INFO: [ app_init ] --END-- [ RunTime:0.001000s ]
INFO: [ app_begin ] --START--
INFO: Run Behavior\ReadHtmlCacheBehavior [ RunTime:0.001000s ]
INFO: [ app_begin ] --END-- [ RunTime:0.001000s ]
NOTIC: [8] Undefined index: echostr D:\phpStudy\WWW\Wechat\Wechat\Home\Controller\IndexController.class.php 第 17 行.
INFO: [ app_end ] --START--
INFO: Run Behavior\ShowPageTraceBehavior [ RunTime:0.001000s ]
INFO: [ app_end ] --END-- [ RunTime:0.001000s ]

[ 2017-04-17T16:16:12+08:00 ] 127.0.0.1 /Wechat/index.php?signature=cc056257e4546beec3daf9966f8e7d6519165e51&timestamp=1492416973&nonce=1235972938&openid=oC_AjuGs-Zk1dXSXIp-XWrXZZQYE
INFO: [ app_init ] --START--
INFO: Run Behavior\BuildLiteBehavior [ RunTime:0.000000s ]
INFO: [ app_init ] --END-- [ RunTime:0.000000s ]
INFO: [ app_begin ] --START--
INFO: Run Behavior\ReadHtmlCacheBehavior [ RunTime:0.000000s ]
INFO: [ app_begin ] --END-- [ RunTime:0.001000s ]
NOTIC: [8] Undefined index: echostr D:\phpStudy\WWW\Wechat\Wechat\Home\Controller\IndexController.class.php 第 17 行.
INFO: [ app_end ] --START--
INFO: Run Behavior\ShowPageTraceBehavior [ RunTime:0.001000s ]
INFO: [ app_end ] --END-- [ RunTime:0.001000s ]

[ 2017-04-17T16:17:40+08:00 ] 127.0.0.1 /Wechat/index.php?signature=490ced97b26bfd91a8b548cfa00f142465eff6ea&timestamp=1492417061&nonce=1086992158&openid=oC_AjuGs-Zk1dXSXIp-XWrXZZQYE
INFO: [ app_init ] --START--
INFO: Run Behavior\BuildLiteBehavior [ RunTime:0.000000s ]
INFO: [ app_init ] --END-- [ RunTime:0.001000s ]
INFO: [ app_begin ] --START--
INFO: Run Behavior\ReadHtmlCacheBehavior [ RunTime:0.001000s ]
INFO: [ app_begin ] --END-- [ RunTime:0.001000s ]
NOTIC: [8] Undefined index: echostr D:\phpStudy\WWW\Wechat\Wechat\Home\Controller\IndexController.class.php 第 17 行.
INFO: [ app_end ] --START--
INFO: Run Behavior\ShowPageTraceBehavior [ RunTime:0.001000s ]
INFO: [ app_end ] --END-- [ RunTime:0.001000s ]

[ 2017-04-17T16:17:40+08:00 ] 127.0.0.1 /Wechat/index.php?signature=14a9e3d588dd9d01883987fc20d49a41fa7d7a5b&timestamp=1492417062&nonce=221703053&openid=oC_AjuGs-Zk1dXSXIp-XWrXZZQYE
INFO: [ app_init ] --START--
INFO: Run Behavior\BuildLiteBehavior [ RunTime:0.000000s ]
INFO: [ app_init ] --END-- [ RunTime:0.001000s ]
INFO: [ app_begin ] --START--
INFO: Run Behavior\ReadHtmlCacheBehavior [ RunTime:0.001000s ]
INFO: [ app_begin ] --END-- [ RunTime:0.001000s ]
NOTIC: [8] Undefined index: echostr D:\phpStudy\WWW\Wechat\Wechat\Home\Controller\IndexController.class.php 第 17 行.
INFO: [ app_end ] --START--
INFO: Run Behavior\ShowPageTraceBehavior [ RunTime:0.001000s ]
INFO: [ app_end ] --END-- [ RunTime:0.001000s ]

[ 2017-04-17T16:18:25+08:00 ] 127.0.0.1 /Wechat/
INFO: [ app_init ] --START--
INFO: Run Behavior\BuildLiteBehavior [ RunTime:0.000000s ]
INFO: [ app_init ] --END-- [ RunTime:0.001000s ]
INFO: [ app_begin ] --START--
INFO: Run Behavior\ReadHtmlCacheBehavior [ RunTime:0.001000s ]
INFO: [ app_begin ] --END-- [ RunTime:0.001000s ]
NOTIC: [8] Undefined index: echostr D:\phpStudy\WWW\Wechat\Wechat\Home\Controller\IndexController.class.php 第 17 行.
NOTIC: [8] Undefined index: signature D:\phpStudy\WWW\Wechat\Wechat\Home\Controller\IndexController.class.php 第 18 行.
NOTIC: [8] Undefined index: timestamp D:\phpStudy\WWW\Wechat\Wechat\Home\Controller\IndexController.class.php 第 19 行.
NOTIC: [8] Undefined index: nonce D:\phpStudy\WWW\Wechat\Wechat\Home\Controller\IndexController.class.php 第 20 行.
NOTIC: [8] Undefined index: HTTP_RAW_POST_DATA D:\phpStudy\WWW\Wechat\Wechat\Home\Controller\IndexController.class.php 第 192 行.

[ 2017-04-17T16:19:51+08:00 ] 127.0.0.1 /Wechat/index.php?signature=7e30737d033f7984da3e910e5fbe6cba69cb0766&timestamp=1492417192&nonce=1548939329&openid=oC_AjuGs-Zk1dXSXIp-XWrXZZQYE
INFO: [ app_init ] --START--
INFO: Run Behavior\BuildLiteBehavior [ RunTime:0.000000s ]
INFO: [ app_init ] --END-- [ RunTime:0.000000s ]
INFO: [ app_begin ] --START--
INFO: Run Behavior\ReadHtmlCacheBehavior [ RunTime:0.001000s ]
INFO: [ app_begin ] --END-- [ RunTime:0.001000s ]
NOTIC: [8] Undefined index: echostr D:\phpStudy\WWW\Wechat\Wechat\Home\Controller\IndexController.class.php 第 17 行.
INFO: [ app_end ] --START--
INFO: Run Behavior\ShowPageTraceBehavior [ RunTime:0.001000s ]
INFO: [ app_end ] --END-- [ RunTime:0.001000s ]

[ 2017-04-17T16:21:51+08:00 ] ::1 /Wechat/
INFO: [ app_init ] --START--
INFO: Run Behavior\BuildLiteBehavior [ RunTime:0.000000s ]
INFO: [ app_init ] --END-- [ RunTime:0.001000s ]
INFO: [ app_begin ] --START--
INFO: Run Behavior\ReadHtmlCacheBehavior [ RunTime:0.002000s ]
INFO: [ app_begin ] --END-- [ RunTime:0.002000s ]
INFO: [ app_end ] --START--
INFO: Run Behavior\ShowPageTraceBehavior [ RunTime:0.002000s ]
INFO: [ app_end ] --END-- [ RunTime:0.002000s ]

[ 2017-04-17T16:21:59+08:00 ] ::1 /Wechat/
INFO: [ app_init ] --START--
INFO: Run Behavior\BuildLiteBehavior [ RunTime:0.000000s ]
INFO: [ app_init ] --END-- [ RunTime:0.000000s ]
INFO: [ app_begin ] --START--
INFO: Run Behavior\ReadHtmlCacheBehavior [ RunTime:0.000000s ]
INFO: [ app_begin ] --END-- [ RunTime:0.001000s ]
INFO: [ app_end ] --START--
INFO: Run Behavior\ShowPageTraceBehavior [ RunTime:0.003000s ]
INFO: [ app_end ] --END-- [ RunTime:0.003000s ]

[ 2017-04-17T16:22:10+08:00 ] 127.0.0.1 /Wechat/index.php?signature=13292c4fbd32c636fa74b8b6a9e6e35a463be57b&timestamp=1492417332&nonce=669258687&openid=oC_AjuGs-Zk1dXSXIp-XWrXZZQYE
INFO: [ app_init ] --START--
INFO: Run Behavior\BuildLiteBehavior [ RunTime:0.000000s ]
INFO: [ app_init ] --END-- [ RunTime:0.001000s ]
INFO: [ app_begin ] --START--
INFO: Run Behavior\ReadHtmlCacheBehavior [ RunTime:0.001000s ]
INFO: [ app_begin ] --END-- [ RunTime:0.001000s ]
INFO: [ app_end ] --START--
INFO: Run Behavior\ShowPageTraceBehavior [ RunTime:0.001000s ]
INFO: [ app_end ] --END-- [ RunTime:0.001000s ]

[ 2017-04-17T16:22:17+08:00 ] 127.0.0.1 /Wechat/index.php?signature=a55b805bd59ed073431fbd387ca3d172ede5ae08&timestamp=1492417339&nonce=1795354168&openid=oC_AjuGs-Zk1dXSXIp-XWrXZZQYE
INFO: [ app_init ] --START--
INFO: Run Behavior\BuildLiteBehavior [ RunTime:0.000000s ]
INFO: [ app_init ] --END-- [ RunTime:0.001000s ]
INFO: [ app_begin ] --START--
INFO: Run Behavior\ReadHtmlCacheBehavior [ RunTime:0.001000s ]
INFO: [ app_begin ] --END-- [ RunTime:0.001000s ]
INFO: [ app_end ] --START--
INFO: Run Behavior\ShowPageTraceBehavior [ RunTime:0.001000s ]
INFO: [ app_end ] --END-- [ RunTime:0.001000s ]

[ 2017-04-17T16:22:19+08:00 ] 127.0.0.1 /Wechat/index.php?signature=87e3eb93ea490172027147a1e63897e215ee53e0&timestamp=1492417340&nonce=132268563&openid=oC_AjuGs-Zk1dXSXIp-XWrXZZQYE
INFO: [ app_init ] --START--
INFO: Run Behavior\BuildLiteBehavior [ RunTime:0.000000s ]
INFO: [ app_init ] --END-- [ RunTime:0.001000s ]
INFO: [ app_begin ] --START--
INFO: Run Behavior\ReadHtmlCacheBehavior [ RunTime:0.002000s ]
INFO: [ app_begin ] --END-- [ RunTime:0.002000s ]
INFO: [ app_end ] --START--
INFO: Run Behavior\ShowPageTraceBehavior [ RunTime:0.001000s ]
INFO: [ app_end ] --END-- [ RunTime:0.001000s ]

[ 2017-04-17T16:22:37+08:00 ] 127.0.0.1 /Wechat/index.php?signature=5334ca88582aaab8ad2b364802b261a62d17bd8f&timestamp=1492417358&nonce=1621092696&openid=oC_AjuGs-Zk1dXSXIp-XWrXZZQYE
INFO: [ app_init ] --START--
INFO: Run Behavior\BuildLiteBehavior [ RunTime:0.000000s ]
INFO: [ app_init ] --END-- [ RunTime:0.000000s ]
INFO: [ app_begin ] --START--
INFO: Run Behavior\ReadHtmlCacheBehavior [ RunTime:0.001000s ]
INFO: [ app_begin ] --END-- [ RunTime:0.001000s ]
INFO: [ app_end ] --START--
INFO: Run Behavior\ShowPageTraceBehavior [ RunTime:0.001000s ]
INFO: [ app_end ] --END-- [ RunTime:0.001000s ]

[ 2017-04-17T16:22:40+08:00 ] 127.0.0.1 /Wechat/index.php?signature=cd4b9618d304c93dfc081babea8d8033efa58f77&timestamp=1492417362&nonce=166163569&openid=oC_AjuGs-Zk1dXSXIp-XWrXZZQYE
INFO: [ app_init ] --START--
INFO: Run Behavior\BuildLiteBehavior [ RunTime:0.000000s ]
INFO: [ app_init ] --END-- [ RunTime:0.001000s ]
INFO: [ app_begin ] --START--
INFO: Run Behavior\ReadHtmlCacheBehavior [ RunTime:0.002000s ]
INFO: [ app_begin ] --END-- [ RunTime:0.002000s ]
INFO: [ app_end ] --START--
INFO: Run Behavior\ShowPageTraceBehavior [ RunTime:0.002000s ]
INFO: [ app_end ] --END-- [ RunTime:0.002000s ]

[ 2017-04-17T16:22:54+08:00 ] 127.0.0.1 /Wechat/index.php?signature=34cd97d5d7b13fcd6ab0a27b0bfa28f010bc00bc&timestamp=1492417375&nonce=366667479&openid=oC_AjuGs-Zk1dXSXIp-XWrXZZQYE
INFO: [ app_init ] --START--
INFO: Run Behavior\BuildLiteBehavior [ RunTime:0.000000s ]
INFO: [ app_init ] --END-- [ RunTime:0.001000s ]
INFO: [ app_begin ] --START--
INFO: Run Behavior\ReadHtmlCacheBehavior [ RunTime:0.002000s ]
INFO: [ app_begin ] --END-- [ RunTime:0.002000s ]
INFO: [ app_end ] --START--
INFO: Run Behavior\ShowPageTraceBehavior [ RunTime:0.001000s ]
INFO: [ app_end ] --END-- [ RunTime:0.001000s ]

[ 2017-04-17T16:22:56+08:00 ] 127.0.0.1 /Wechat/index.php?signature=a5ef51389b1ec6cd57bbcdf8e118a1df0764a7d3&timestamp=1492417377&nonce=1269881125&openid=oC_AjuGs-Zk1dXSXIp-XWrXZZQYE
INFO: [ app_init ] --START--
INFO: Run Behavior\BuildLiteBehavior [ RunTime:0.000000s ]
INFO: [ app_init ] --END-- [ RunTime:0.001000s ]
INFO: [ app_begin ] --START--
INFO: Run Behavior\ReadHtmlCacheBehavior [ RunTime:0.002000s ]
INFO: [ app_begin ] --END-- [ RunTime:0.002000s ]
INFO: [ app_end ] --START--
INFO: Run Behavior\ShowPageTraceBehavior [ RunTime:0.002000s ]
INFO: [ app_end ] --END-- [ RunTime:0.002000s ]

[ 2017-04-17T16:23:03+08:00 ] 127.0.0.1 /Wechat/index.php?signature=0ebd2faa66b2a74dc416e209dda6aed13f40076e&timestamp=1492417385&nonce=320737147&openid=oC_AjuGs-Zk1dXSXIp-XWrXZZQYE
INFO: [ app_init ] --START--
INFO: Run Behavior\BuildLiteBehavior [ RunTime:0.000000s ]
INFO: [ app_init ] --END-- [ RunTime:0.001000s ]
INFO: [ app_begin ] --START--
INFO: Run Behavior\ReadHtmlCacheBehavior [ RunTime:0.001000s ]
INFO: [ app_begin ] --END-- [ RunTime:0.001000s ]
INFO: [ app_end ] --START--
INFO: Run Behavior\ShowPageTraceBehavior [ RunTime:0.001000s ]
INFO: [ app_end ] --END-- [ RunTime:0.001000s ]

[ 2017-04-17T16:23:15+08:00 ] 127.0.0.1 /Wechat/index.php?signature=a965aa3a971b11fc53f1f766b0675aef822a5750&timestamp=1492417397&nonce=2135438590&openid=oC_AjuGs-Zk1dXSXIp-XWrXZZQYE
INFO: [ app_init ] --START--
INFO: Run Behavior\BuildLiteBehavior [ RunTime:0.000000s ]
INFO: [ app_init ] --END-- [ RunTime:0.001000s ]
INFO: [ app_begin ] --START--
INFO: Run Behavior\ReadHtmlCacheBehavior [ RunTime:0.002000s ]
INFO: [ app_begin ] --END-- [ RunTime:0.002000s ]
INFO: [ app_end ] --START--
INFO: Run Behavior\ShowPageTraceBehavior [ RunTime:0.001000s ]
INFO: [ app_end ] --END-- [ RunTime:0.001000s ]

[ 2017-04-17T16:23:20+08:00 ] 127.0.0.1 /Wechat/index.php?signature=afe0287d16ffc767e690a36e2c122a8748e2f56e&timestamp=1492417402&nonce=973390785&openid=oC_AjuGs-Zk1dXSXIp-XWrXZZQYE
INFO: [ app_init ] --START--
INFO: Run Behavior\BuildLiteBehavior [ RunTime:0.000000s ]
INFO: [ app_init ] --END-- [ RunTime:0.001000s ]
INFO: [ app_begin ] --START--
INFO: Run Behavior\ReadHtmlCacheBehavior [ RunTime:0.001000s ]
INFO: [ app_begin ] --END-- [ RunTime:0.001000s ]
INFO: [ app_end ] --START--
INFO: Run Behavior\ShowPageTraceBehavior [ RunTime:0.001000s ]
INFO: [ app_end ] --END-- [ RunTime:0.001000s ]

[ 2017-04-17T16:23:37+08:00 ] ::1 /Wechat/
INFO: [ app_init ] --START--
INFO: Run Behavior\BuildLiteBehavior [ RunTime:0.000000s ]
INFO: [ app_init ] --END-- [ RunTime:0.001000s ]
INFO: [ app_begin ] --START--
INFO: Run Behavior\ReadHtmlCacheBehavior [ RunTime:0.000000s ]
INFO: [ app_begin ] --END-- [ RunTime:0.000000s ]
NOTIC: [8] Undefined index: echostr D:\phpStudy\WWW\Wechat\Wechat\Home\Controller\IndexController.class.php 第 17 行.
NOTIC: [8] Undefined index: signature D:\phpStudy\WWW\Wechat\Wechat\Home\Controller\IndexController.class.php 第 18 行.
NOTIC: [8] Undefined index: timestamp D:\phpStudy\WWW\Wechat\Wechat\Home\Controller\IndexController.class.php 第 19 行.
NOTIC: [8] Undefined index: nonce D:\phpStudy\WWW\Wechat\Wechat\Home\Controller\IndexController.class.php 第 20 行.
NOTIC: [8] Undefined index: HTTP_RAW_POST_DATA D:\phpStudy\WWW\Wechat\Wechat\Home\Controller\IndexController.class.php 第 192 行.

[ 2017-04-17T16:23:49+08:00 ] 127.0.0.1 /Wechat/index.php?signature=abce6d5ad7963b7cec910bfdced8ccf683fd9435&timestamp=1492417431&nonce=1797575633&openid=oC_AjuGs-Zk1dXSXIp-XWrXZZQYE
INFO: [ app_init ] --START--
INFO: Run Behavior\BuildLiteBehavior [ RunTime:0.000000s ]
INFO: [ app_init ] --END-- [ RunTime:0.000000s ]
INFO: [ app_begin ] --START--
INFO: Run Behavior\ReadHtmlCacheBehavior [ RunTime:0.001000s ]
INFO: [ app_begin ] --END-- [ RunTime:0.001000s ]
NOTIC: [8] Undefined index: echostr D:\phpStudy\WWW\Wechat\Wechat\Home\Controller\IndexController.class.php 第 17 行.
INFO: [ app_end ] --START--
INFO: Run Behavior\ShowPageTraceBehavior [ RunTime:0.001000s ]
INFO: [ app_end ] --END-- [ RunTime:0.002000s ]

[ 2017-04-17T16:23:53+08:00 ] 127.0.0.1 /Wechat/index.php?signature=a1084e25318321311554799bdd31c97994c73ae7&timestamp=1492417435&nonce=722111285&openid=oC_AjuGs-Zk1dXSXIp-XWrXZZQYE
INFO: [ app_init ] --START--
INFO: Run Behavior\BuildLiteBehavior [ RunTime:0.000000s ]
INFO: [ app_init ] --END-- [ RunTime:0.001000s ]
INFO: [ app_begin ] --START--
INFO: Run Behavior\ReadHtmlCacheBehavior [ RunTime:0.002000s ]
INFO: [ app_begin ] --END-- [ RunTime:0.002000s ]
NOTIC: [8] Undefined index: echostr D:\phpStudy\WWW\Wechat\Wechat\Home\Controller\IndexController.class.php 第 17 行.
INFO: [ app_end ] --START--
INFO: Run Behavior\ShowPageTraceBehavior [ RunTime:0.001000s ]
INFO: [ app_end ] --END-- [ RunTime:0.001000s ]

[ 2017-04-17T16:43:18+08:00 ] 127.0.0.1 /Wechat/index.php?signature=52a11e723c9beddc439612ab2301322ccdc8fa39&timestamp=1492418593&nonce=884284812&openid=oC_AjuGs-Zk1dXSXIp-XWrXZZQYE
INFO: [ app_init ] --START--
INFO: Run Behavior\BuildLiteBehavior [ RunTime:0.000000s ]
INFO: [ app_init ] --END-- [ RunTime:0.001000s ]
INFO: [ app_begin ] --START--
INFO: Run Behavior\ReadHtmlCacheBehavior [ RunTime:0.001000s ]
INFO: [ app_begin ] --END-- [ RunTime:0.002000s ]
NOTIC: [8] Undefined index: echostr D:\phpStudy\WWW\Wechat\Wechat\Home\Controller\IndexController.class.php 第 17 行.
INFO: [ app_end ] --START--
INFO: Run Behavior\ShowPageTraceBehavior [ RunTime:0.001000s ]
INFO: [ app_end ] --END-- [ RunTime:0.001000s ]

[ 2017-04-17T16:43:18+08:00 ] 127.0.0.1 /Wechat/index.php?signature=52a11e723c9beddc439612ab2301322ccdc8fa39&timestamp=1492418593&nonce=884284812&openid=oC_AjuGs-Zk1dXSXIp-XWrXZZQYE
INFO: [ app_init ] --START--
INFO: Run Behavior\BuildLiteBehavior [ RunTime:0.000000s ]
INFO: [ app_init ] --END-- [ RunTime:0.001000s ]
INFO: [ app_begin ] --START--
INFO: Run Behavior\ReadHtmlCacheBehavior [ RunTime:0.001000s ]
INFO: [ app_begin ] --END-- [ RunTime:0.001000s ]
NOTIC: [8] Undefined index: echostr D:\phpStudy\WWW\Wechat\Wechat\Home\Controller\IndexController.class.php 第 17 行.
INFO: [ app_end ] --START--
INFO: Run Behavior\ShowPageTraceBehavior [ RunTime:0.001000s ]
INFO: [ app_end ] --END-- [ RunTime:0.001000s ]

[ 2017-04-17T16:50:14+08:00 ] 127.0.0.1 /Wechat/index.php?signature=590aae86a16f8189a80bf3154282e060a05215a5&timestamp=1492419015&nonce=2146242738&openid=oC_AjuGs-Zk1dXSXIp-XWrXZZQYE
INFO: [ app_init ] --START--
INFO: Run Behavior\BuildLiteBehavior [ RunTime:0.000000s ]
INFO: [ app_init ] --END-- [ RunTime:0.001000s ]
INFO: [ app_begin ] --START--
INFO: Run Behavior\ReadHtmlCacheBehavior [ RunTime:0.002000s ]
INFO: [ app_begin ] --END-- [ RunTime:0.002000s ]
NOTIC: [8] Undefined index: echostr D:\phpStudy\WWW\Wechat\Wechat\Home\Controller\IndexController.class.php 第 17 行.
INFO: [ app_end ] --START--
INFO: Run Behavior\ShowPageTraceBehavior [ RunTime:0.001000s ]
INFO: [ app_end ] --END-- [ RunTime:0.001000s ]

[ 2017-04-17T16:50:16+08:00 ] 127.0.0.1 /Wechat/index.php?signature=a64c5be8dc8e5dc785570aec680fd3f8475d328a&timestamp=1492419016&nonce=401519999&openid=oC_AjuGs-Zk1dXSXIp-XWrXZZQYE
INFO: [ app_init ] --START--
INFO: Run Behavior\BuildLiteBehavior [ RunTime:0.000000s ]
INFO: [ app_init ] --END-- [ RunTime:0.000000s ]
INFO: [ app_begin ] --START--
INFO: Run Behavior\ReadHtmlCacheBehavior [ RunTime:0.000000s ]
INFO: [ app_begin ] --END-- [ RunTime:0.000000s ]
NOTIC: [8] Undefined index: echostr D:\phpStudy\WWW\Wechat\Wechat\Home\Controller\IndexController.class.php 第 17 行.
INFO: [ app_end ] --START--
INFO: Run Behavior\ShowPageTraceBehavior [ RunTime:0.001000s ]
INFO: [ app_end ] --END-- [ RunTime:0.001000s ]

[ 2017-04-17T16:50:29+08:00 ] 127.0.0.1 /Wechat/index.php?signature=0e420627c8a6384ccf617d45b950e8c2dac67f0f&timestamp=1492419031&nonce=1906714379&openid=oC_AjuMYBjqKdzOlNNixiTUvJSSU
INFO: [ app_init ] --START--
INFO: Run Behavior\BuildLiteBehavior [ RunTime:0.000000s ]
INFO: [ app_init ] --END-- [ RunTime:0.001000s ]
INFO: [ app_begin ] --START--
INFO: Run Behavior\ReadHtmlCacheBehavior [ RunTime:0.001000s ]
INFO: [ app_begin ] --END-- [ RunTime:0.001000s ]
NOTIC: [8] Undefined index: echostr D:\phpStudy\WWW\Wechat\Wechat\Home\Controller\IndexController.class.php 第 17 行.
INFO: [ app_end ] --START--
INFO: Run Behavior\ShowPageTraceBehavior [ RunTime:0.001000s ]
INFO: [ app_end ] --END-- [ RunTime:0.001000s ]

[ 2017-04-17T16:50:33+08:00 ] 127.0.0.1 /Wechat/index.php?signature=d4223197785426bfb64589003749ee4f6b10b5c4&timestamp=1492419035&nonce=744985783&openid=oC_AjuMYBjqKdzOlNNixiTUvJSSU
INFO: [ app_init ] --START--
INFO: Run Behavior\BuildLiteBehavior [ RunTime:0.000000s ]
INFO: [ app_init ] --END-- [ RunTime:0.001000s ]
INFO: [ app_begin ] --START--
INFO: Run Behavior\ReadHtmlCacheBehavior [ RunTime:0.002000s ]
INFO: [ app_begin ] --END-- [ RunTime:0.002000s ]
NOTIC: [8] Undefined index: echostr D:\phpStudy\WWW\Wechat\Wechat\Home\Controller\IndexController.class.php 第 17 行.
INFO: [ app_end ] --START--
INFO: Run Behavior\ShowPageTraceBehavior [ RunTime:0.002000s ]
INFO: [ app_end ] --END-- [ RunTime:0.002000s ]

[ 2017-04-17T16:50:35+08:00 ] 127.0.0.1 /Wechat/index.php?signature=22d4d293825de0e84d1d2dbec4c97bdc4a6c5c73&timestamp=1492419036&nonce=2089094167&openid=oC_AjuMYBjqKdzOlNNixiTUvJSSU
INFO: [ app_init ] --START--
INFO: Run Behavior\BuildLiteBehavior [ RunTime:0.000000s ]
INFO: [ app_init ] --END-- [ RunTime:0.002000s ]
INFO: [ app_begin ] --START--
INFO: Run Behavior\ReadHtmlCacheBehavior [ RunTime:0.001000s ]
INFO: [ app_begin ] --END-- [ RunTime:0.003000s ]
NOTIC: [8] Undefined index: echostr D:\phpStudy\WWW\Wechat\Wechat\Home\Controller\IndexController.class.php 第 17 行.
INFO: [ app_end ] --START--
INFO: Run Behavior\ShowPageTraceBehavior [ RunTime:0.001000s ]
INFO: [ app_end ] --END-- [ RunTime:0.001000s ]

[ 2017-04-17T16:53:13+08:00 ] 127.0.0.1 /Wechat/index.php?signature=cb7ba9ee747cf2c844a5c6fb1d6efafd656e67bc&timestamp=1492419194&nonce=336706208&openid=oC_AjuGs-Zk1dXSXIp-XWrXZZQYE
INFO: [ app_init ] --START--
INFO: Run Behavior\BuildLiteBehavior [ RunTime:0.000000s ]
INFO: [ app_init ] --END-- [ RunTime:0.001000s ]
INFO: [ app_begin ] --START--
INFO: Run Behavior\ReadHtmlCacheBehavior [ RunTime:0.001000s ]
INFO: [ app_begin ] --END-- [ RunTime:0.001000s ]
NOTIC: [8] Undefined index: echostr D:\phpStudy\WWW\Wechat\Wechat\Home\Controller\IndexController.class.php 第 17 行.
INFO: [ app_end ] --START--
INFO: Run Behavior\ShowPageTraceBehavior [ RunTime:0.001000s ]
INFO: [ app_end ] --END-- [ RunTime:0.001000s ]

[ 2017-04-17T17:59:39+08:00 ] 127.0.0.1 /Wechat/index.php?signature=eaae9dd85c853a75859523aa3660082583b703c8&timestamp=1492423181&nonce=2018368993&openid=oC_AjuGs-Zk1dXSXIp-XWrXZZQYE
INFO: [ app_init ] --START--
INFO: Run Behavior\BuildLiteBehavior [ RunTime:0.000000s ]
INFO: [ app_init ] --END-- [ RunTime:0.001000s ]
INFO: [ app_begin ] --START--
INFO: Run Behavior\ReadHtmlCacheBehavior [ RunTime:0.001000s ]
INFO: [ app_begin ] --END-- [ RunTime:0.001000s ]
NOTIC: [8] Undefined index: echostr D:\phpStudy\WWW\Wechat\Wechat\Home\Controller\IndexController.class.php 第 17 行.
INFO: [ app_end ] --START--
INFO: Run Behavior\ShowPageTraceBehavior [ RunTime:0.001000s ]
INFO: [ app_end ] --END-- [ RunTime:0.002000s ]

[ 2017-04-17T17:59:53+08:00 ] 127.0.0.1 /Wechat/index.php?signature=127378b95889716c9221b31d5383016f692272c1&timestamp=1492423194&nonce=78993265&openid=oC_AjuGs-Zk1dXSXIp-XWrXZZQYE
INFO: [ app_init ] --START--
INFO: Run Behavior\BuildLiteBehavior [ RunTime:0.000000s ]
INFO: [ app_init ] --END-- [ RunTime:0.000000s ]
INFO: [ app_begin ] --START--
INFO: Run Behavior\ReadHtmlCacheBehavior [ RunTime:0.001000s ]
INFO: [ app_begin ] --END-- [ RunTime:0.001000s ]
NOTIC: [8] Undefined index: echostr D:\phpStudy\WWW\Wechat\Wechat\Home\Controller\IndexController.class.php 第 17 行.
INFO: [ app_end ] --START--
INFO: Run Behavior\ShowPageTraceBehavior [ RunTime:0.001000s ]
INFO: [ app_end ] --END-- [ RunTime:0.001000s ]

[ 2017-04-17T17:59:53+08:00 ] 127.0.0.1 /Wechat/index.php?signature=dba1883bf40c11e8202c0762c657aa19b33b14f3&timestamp=1492423195&nonce=1599359386&openid=oC_AjuGs-Zk1dXSXIp-XWrXZZQYE
INFO: [ app_init ] --START--
INFO: Run Behavior\BuildLiteBehavior [ RunTime:0.000000s ]
INFO: [ app_init ] --END-- [ RunTime:0.000000s ]
INFO: [ app_begin ] --START--
INFO: Run Behavior\ReadHtmlCacheBehavior [ RunTime:0.000000s ]
INFO: [ app_begin ] --END-- [ RunTime:0.000000s ]
NOTIC: [8] Undefined index: echostr D:\phpStudy\WWW\Wechat\Wechat\Home\Controller\IndexController.class.php 第 17 行.
INFO: [ app_end ] --START--
INFO: Run Behavior\ShowPageTraceBehavior [ RunTime:0.001000s ]
INFO: [ app_end ] --END-- [ RunTime:0.001000s ]

[ 2017-04-17T18:24:57+08:00 ] 127.0.0.1 /Wechat/index.php?signature=98a964f92cd5d1b1f6a3a61ddeb3c67e4ad80527&timestamp=1492424698&nonce=495428713&openid=oC_AjuGs-Zk1dXSXIp-XWrXZZQYE
INFO: [ app_init ] --START--
INFO: Run Behavior\BuildLiteBehavior [ RunTime:0.000000s ]
INFO: [ app_init ] --END-- [ RunTime:0.001000s ]
INFO: [ app_begin ] --START--
INFO: Run Behavior\ReadHtmlCacheBehavior [ RunTime:0.001000s ]
INFO: [ app_begin ] --END-- [ RunTime:0.001000s ]
NOTIC: [8] Undefined index: echostr D:\phpStudy\WWW\Wechat\Wechat\Home\Controller\IndexController.class.php 第 17 行.
INFO: [ app_end ] --START--
INFO: Run Behavior\ShowPageTraceBehavior [ RunTime:0.001000s ]
INFO: [ app_end ] --END-- [ RunTime:0.001000s ]

